#
# There is insufficient memory for the Java Runtime Environment to continue.
# Native memory allocation (malloc) failed to allocate 483296 bytes for Chunk::new
# Possible reasons:
#   The system is out of physical RAM or swap space
#   The process is running with CompressedOops enabled, and the Java Heap may be blocking the growth of the native heap
# Possible solutions:
#   Reduce memory load on the system
#   Increase physical memory or swap space
#   Check if swap backing store is full
#   Decrease Java heap size (-Xmx/-Xms)
#   Decrease number of Java threads
#   Decrease Java thread stack sizes (-Xss)
#   Set larger code cache with -XX:ReservedCodeCacheSize=
#   JVM is running with Unscaled Compressed Oops mode in which the Java heap is
#     placed in the first 4GB address space. The Java Heap base address is the
#     maximum limit for the native heap growth. Please use -XX:HeapBaseMinAddress
#     to set the Java Heap base and to place the Java Heap above 4GB virtual address.
# This output file may be truncated or incomplete.
#
#  Out of Memory Error (./src/hotspot/share/memory/arena.cpp:197), pid=3760, tid=141232
#
# JRE version: OpenJDK Runtime Environment JBR-11.0.13.7-1751.19-dcevm (11.0.13+7) (build 11.0.13+7-b1751.19)
# Java VM: Dynamic Code Evolution 64-Bit Server VM JBR-11.0.13.7-1751.19-dcevm (11.0.13+7-b1751.19, mixed mode, tiered, compressed oops, g1 gc, windows-amd64)
# No core dump will be written. Minidumps are not enabled by default on client versions of Windows
#

---------------  S U M M A R Y ------------

Command Line: -Dfile.encoding=UTF-8 --add-opens=java.base/java.util=ALL-UNNAMED --add-opens=java.base/java.lang=ALL-UNNAMED --add-opens=java.base/java.lang.invoke=ALL-UNNAMED --add-opens=java.base/java.util=ALL-UNNAMED --add-opens=java.prefs/java.util.prefs=ALL-UNNAMED --add-opens=java.prefs/java.util.prefs=ALL-UNNAMED --add-opens=java.base/java.nio.charset=ALL-UNNAMED --add-opens=java.base/java.net=ALL-UNNAMED --add-opens=java.base/java.util.concurrent.atomic=ALL-UNNAMED -XX:MaxMetaspaceSize=256m -XX:+HeapDumpOnOutOfMemoryError -Xms256m -Xmx512m -Dfile.encoding=UTF-8 -Duser.country=CN -Duser.language=zh -Duser.variant org.gradle.launcher.daemon.bootstrap.GradleDaemon 7.3

Host: AMD Ryzen 7 4800U with Radeon Graphics         , 16 cores, 11G,  Windows 11 , 64 bit Build 22000 (10.0.22000.613)
Time: Fri May  6 01:11:49 2022 中国标准时间 elapsed time: 39.040827 seconds (0d 0h 0m 39s)

---------------  T H R E A D  ---------------

Current thread (0x0000021bc5df2000):  JavaThread "C2 CompilerThread0" daemon [_thread_in_native, id=141232, stack(0x000000f2d1900000,0x000000f2d1a00000)]


Current CompileTask:
C2:  39041 9001       4       sun.security.provider.SHA::implCompress0 (482 bytes)

Stack: [0x000000f2d1900000,0x000000f2d1a00000]
Native frames: (J=compiled Java code, j=interpreted, Vv=VM code, C=native code)
V  [jvm.dll+0x61f9ca]
V  [jvm.dll+0x7a5fe0]
V  [jvm.dll+0x7a75fd]
V  [jvm.dll+0x7a7cd3]
V  [jvm.dll+0x250ce8]
V  [jvm.dll+0xc151c]
V  [jvm.dll+0xc1a4c]
V  [jvm.dll+0x2c6534]
V  [jvm.dll+0x5320db]
V  [jvm.dll+0x210f03]
V  [jvm.dll+0x20a9b0]
V  [jvm.dll+0x2080d2]
V  [jvm.dll+0x18bc01]
V  [jvm.dll+0x216ebb]
V  [jvm.dll+0x215716]
V  [jvm.dll+0x76cc5f]
V  [jvm.dll+0x765815]
V  [jvm.dll+0x61e646]
C  [ucrtbase.dll+0x26c0c]
C  [KERNEL32.DLL+0x154e0]
C  [ntdll.dll+0x485b]


---------------  P R O C E S S  ---------------

Threads class SMR info:
_java_thread_list=0x0000021bd3ec8660, length=52, elements={
0x0000021babe8f800, 0x0000021bc5572000, 0x0000021bc557d000, 0x0000021bc5deb800,
0x0000021bc5dec800, 0x0000021bc5dee000, 0x0000021bc5df2000, 0x0000021bc5dfb000,
0x0000021bc5e11800, 0x0000021bc5f68000, 0x0000021bc8e33800, 0x0000021bc8f27000,
0x0000021bc6f27000, 0x0000021bc83bd800, 0x0000021bc80e5800, 0x0000021bc8c03800,
0x0000021bc8c07000, 0x0000021bc8c01000, 0x0000021bc8c06000, 0x0000021bc8c07800,
0x0000021bc8c02000, 0x0000021bc8c02800, 0x0000021bc8c04800, 0x0000021bcb66f000,
0x0000021bcb66d800, 0x0000021bcb66e000, 0x0000021bcb670000, 0x0000021bcb66a000,
0x0000021bcb66c800, 0x0000021bcb670800, 0x0000021bcb66b000, 0x0000021bcb671800,
0x0000021bcb66c000, 0x0000021bcb673000, 0x0000021bcb676800, 0x0000021bcb674000,
0x0000021bcb678000, 0x0000021bcb679000, 0x0000021bcce0c800, 0x0000021bcce07000,
0x0000021bcce04800, 0x0000021bcce0b000, 0x0000021bcce05000, 0x0000021bcce0b800,
0x0000021bcce06000, 0x0000021bcce07800, 0x0000021bcce0d800, 0x0000021bcce0e000,
0x0000021bcce08800, 0x0000021bcce0a000, 0x0000021bc5f6f000, 0x0000021bc913b000
}

Java Threads: ( => current thread )
  0x0000021babe8f800 JavaThread "main" [_thread_blocked, id=145560, stack(0x000000f2d0d00000,0x000000f2d0e00000)]
  0x0000021bc5572000 JavaThread "Reference Handler" daemon [_thread_blocked, id=141272, stack(0x000000f2d1400000,0x000000f2d1500000)]
  0x0000021bc557d000 JavaThread "Finalizer" daemon [_thread_blocked, id=138416, stack(0x000000f2d1500000,0x000000f2d1600000)]
  0x0000021bc5deb800 JavaThread "Signal Dispatcher" daemon [_thread_blocked, id=83928, stack(0x000000f2d1600000,0x000000f2d1700000)]
  0x0000021bc5dec800 JavaThread "Attach Listener" daemon [_thread_blocked, id=137144, stack(0x000000f2d1700000,0x000000f2d1800000)]
  0x0000021bc5dee000 JavaThread "Service Thread" daemon [_thread_blocked, id=146932, stack(0x000000f2d1800000,0x000000f2d1900000)]
=>0x0000021bc5df2000 JavaThread "C2 CompilerThread0" daemon [_thread_in_native, id=141232, stack(0x000000f2d1900000,0x000000f2d1a00000)]
  0x0000021bc5dfb000 JavaThread "C1 CompilerThread0" daemon [_thread_blocked, id=122920, stack(0x000000f2d1a00000,0x000000f2d1b00000)]
  0x0000021bc5e11800 JavaThread "Sweeper thread" daemon [_thread_blocked, id=100660, stack(0x000000f2d1b00000,0x000000f2d1c00000)]
  0x0000021bc5f68000 JavaThread "Common-Cleaner" daemon [_thread_blocked, id=127044, stack(0x000000f2d1c00000,0x000000f2d1d00000)]
  0x0000021bc8e33800 JavaThread "Daemon health stats" [_thread_blocked, id=140648, stack(0x000000f2d2800000,0x000000f2d2900000)]
  0x0000021bc8f27000 JavaThread "Incoming local TCP Connector on port 57783" [_thread_in_native, id=21124, stack(0x000000f2d2100000,0x000000f2d2200000)]
  0x0000021bc6f27000 JavaThread "Daemon periodic checks" [_thread_blocked, id=134952, stack(0x000000f2d2200000,0x000000f2d2300000)]
  0x0000021bc83bd800 JavaThread "Daemon" [_thread_blocked, id=145316, stack(0x000000f2d2900000,0x000000f2d2a00000)]
  0x0000021bc80e5800 JavaThread "Daemon worker" [_thread_in_native, id=126436, stack(0x000000f2d2c00000,0x000000f2d2d00000)]
  0x0000021bc8c03800 JavaThread "Cache worker for journal cache (C:\Users\Young\.gradle\caches\journal-1)" [_thread_blocked, id=21364, stack(0x000000f2d3900000,0x000000f2d3a00000)]
  0x0000021bc8c07000 JavaThread "File lock request listener" [_thread_in_native, id=133848, stack(0x000000f2d3a00000,0x000000f2d3b00000)]
  0x0000021bc8c01000 JavaThread "Cache worker for file hash cache (C:\Users\Young\.gradle\caches\7.3\fileHashes)" [_thread_blocked, id=16496, stack(0x000000f2d3b00000,0x000000f2d3c00000)]
  0x0000021bc8c06000 JavaThread "File watcher server" daemon [_thread_in_native, id=148740, stack(0x000000f2d3f00000,0x000000f2d4000000)]
  0x0000021bc8c07800 JavaThread "File watcher consumer" daemon [_thread_blocked, id=146732, stack(0x000000f2d4000000,0x000000f2d4100000)]
  0x0000021bc8c02000 JavaThread "jar transforms" [_thread_blocked, id=149472, stack(0x000000f2d4100000,0x000000f2d4200000)]
  0x0000021bc8c02800 JavaThread "jar transforms Thread 2" [_thread_blocked, id=137224, stack(0x000000f2d4200000,0x000000f2d4300000)]
  0x0000021bc8c04800 JavaThread "jar transforms Thread 3" [_thread_blocked, id=141420, stack(0x000000f2d4300000,0x000000f2d4400000)]
  0x0000021bcb66f000 JavaThread "jar transforms Thread 4" [_thread_blocked, id=11604, stack(0x000000f2d4400000,0x000000f2d4500000)]
  0x0000021bcb66d800 JavaThread "jar transforms Thread 5" [_thread_blocked, id=14064, stack(0x000000f2d4500000,0x000000f2d4600000)]
  0x0000021bcb66e000 JavaThread "jar transforms Thread 6" [_thread_blocked, id=135972, stack(0x000000f2d4600000,0x000000f2d4700000)]
  0x0000021bcb670000 JavaThread "jar transforms Thread 7" [_thread_blocked, id=148856, stack(0x000000f2d4700000,0x000000f2d4800000)]
  0x0000021bcb66a000 JavaThread "jar transforms Thread 8" [_thread_blocked, id=1544, stack(0x000000f2d4800000,0x000000f2d4900000)]
  0x0000021bcb66c800 JavaThread "jar transforms Thread 9" [_thread_blocked, id=88924, stack(0x000000f2d4900000,0x000000f2d4a00000)]
  0x0000021bcb670800 JavaThread "jar transforms Thread 10" [_thread_blocked, id=147460, stack(0x000000f2d4a00000,0x000000f2d4b00000)]
  0x0000021bcb66b000 JavaThread "jar transforms Thread 11" [_thread_blocked, id=146544, stack(0x000000f2d4b00000,0x000000f2d4c00000)]
  0x0000021bcb671800 JavaThread "jar transforms Thread 12" [_thread_blocked, id=141872, stack(0x000000f2d4c00000,0x000000f2d4d00000)]
  0x0000021bcb66c000 JavaThread "jar transforms Thread 13" [_thread_blocked, id=136996, stack(0x000000f2d4d00000,0x000000f2d4e00000)]
  0x0000021bcb673000 JavaThread "jar transforms Thread 14" [_thread_blocked, id=146892, stack(0x000000f2d4e00000,0x000000f2d4f00000)]
  0x0000021bcb676800 JavaThread "jar transforms Thread 15" [_thread_blocked, id=135400, stack(0x000000f2d4f00000,0x000000f2d5000000)]
  0x0000021bcb674000 JavaThread "jar transforms Thread 16" [_thread_blocked, id=135608, stack(0x000000f2d5000000,0x000000f2d5100000)]
  0x0000021bcb678000 JavaThread "Cache worker for execution history cache (C:\Users\Young\.gradle\caches\7.3\executionHistory)" [_thread_blocked, id=83708, stack(0x000000f2d5400000,0x000000f2d5500000)]
  0x0000021bcb679000 JavaThread "Cache worker for file content cache (C:\Users\Young\.gradle\caches\7.3\fileContent)" [_thread_blocked, id=16280, stack(0x000000f2d5600000,0x000000f2d5700000)]
  0x0000021bcce0c800 JavaThread "Memory manager" [_thread_blocked, id=138396, stack(0x000000f2d8100000,0x000000f2d8200000)]
  0x0000021bcce07000 JavaThread "Handler for socket connection from /127.0.0.1:57783 to /127.0.0.1:55265" [_thread_in_native, id=80928, stack(0x000000f2d2000000,0x000000f2d2100000)]
  0x0000021bcce04800 JavaThread "Cancel handler" [_thread_blocked, id=147468, stack(0x000000f2d2a00000,0x000000f2d2b00000)]
  0x0000021bcce0b000 JavaThread "Asynchronous log dispatcher for DefaultDaemonConnection: socket connection from /127.0.0.1:57783 to /127.0.0.1:55265" [_thread_blocked, id=144084, stack(0x000000f2d2b00000,0x000000f2d2c00000)]
  0x0000021bcce05000 JavaThread "Stdin handler" [_thread_blocked, id=13368, stack(0x000000f2d2d00000,0x000000f2d2e00000)]
  0x0000021bcce0b800 JavaThread "Daemon client event forwarder" [_thread_blocked, id=133832, stack(0x000000f2d2e00000,0x000000f2d2f00000)]
  0x0000021bcce06000 JavaThread "Cache worker for file hash cache (D:\DevEcoStudioProjects\ServerMonitor\.gradle\7.3\fileHashes)" [_thread_blocked, id=138280, stack(0x000000f2d2f00000,0x000000f2d3000000)]
  0x0000021bcce07800 JavaThread "Cache worker for checksums cache (D:\DevEcoStudioProjects\ServerMonitor\.gradle\7.3\checksums)" [_thread_blocked, id=85056, stack(0x000000f2d3c00000,0x000000f2d3d00000)]
  0x0000021bcce0d800 JavaThread "Cache worker for cache directory md-supplier (C:\Users\Young\.gradle\caches\7.3\md-supplier)" [_thread_blocked, id=141508, stack(0x000000f2d3e00000,0x000000f2d3f00000)]
  0x0000021bcce0e000 JavaThread "Cache worker for cache directory md-rule (C:\Users\Young\.gradle\caches\7.3\md-rule)" [_thread_blocked, id=120684, stack(0x000000f2d5100000,0x000000f2d5200000)]
  0x0000021bcce08800 JavaThread "Cache worker for dependencies-accessors (D:\DevEcoStudioProjects\ServerMonitor\.gradle\7.3\dependencies-accessors)" [_thread_blocked, id=88308, stack(0x000000f2d5200000,0x000000f2d5300000)]
  0x0000021bcce0a000 JavaThread "Cache worker for Build Output Cleanup Cache (D:\DevEcoStudioProjects\ServerMonitor\.gradle\buildOutputCleanup)" [_thread_blocked, id=3132, stack(0x000000f2d5300000,0x000000f2d5400000)]
  0x0000021bc5f6f000 JavaThread "C1 CompilerThread1" daemon [_thread_in_native, id=137808, stack(0x000000f2d5500000,0x000000f2d5600000)]
  0x0000021bc913b000 JavaThread "C2 CompilerThread1" daemon [_thread_in_native, id=84816, stack(0x000000f2d5700000,0x000000f2d5800000)]

Other Threads:
  0x0000021bc554e800 VMThread "VM Thread" [stack: 0x000000f2d1300000,0x000000f2d1400000] [id=142388]
  0x0000021bc5fe8800 WatcherThread [stack: 0x000000f2d1e00000,0x000000f2d1f00000] [id=124720]
  0x0000021babeaa800 GCTaskThread "GC Thread#0" [stack: 0x000000f2d0e00000,0x000000f2d0f00000] [id=139676]
  0x0000021bc6e35800 GCTaskThread "GC Thread#1" [stack: 0x000000f2d2300000,0x000000f2d2400000] [id=13052]
  0x0000021bc6e36000 GCTaskThread "GC Thread#2" [stack: 0x000000f2d2400000,0x000000f2d2500000] [id=75224]
  0x0000021bc69a7800 GCTaskThread "GC Thread#3" [stack: 0x000000f2d2500000,0x000000f2d2600000] [id=138112]
  0x0000021bc69a8800 GCTaskThread "GC Thread#4" [stack: 0x000000f2d2600000,0x000000f2d2700000] [id=11624]
  0x0000021bc652c800 GCTaskThread "GC Thread#5" [stack: 0x000000f2d2700000,0x000000f2d2800000] [id=148712]
  0x0000021bc7871800 GCTaskThread "GC Thread#6" [stack: 0x000000f2d3000000,0x000000f2d3100000] [id=140240]
  0x0000021bc8c7d800 GCTaskThread "GC Thread#7" [stack: 0x000000f2d3100000,0x000000f2d3200000] [id=143472]
  0x0000021bc8bd2800 GCTaskThread "GC Thread#8" [stack: 0x000000f2d3200000,0x000000f2d3300000] [id=137560]
  0x0000021bc7f48800 GCTaskThread "GC Thread#9" [stack: 0x000000f2d3300000,0x000000f2d3400000] [id=144692]
  0x0000021bc8035000 GCTaskThread "GC Thread#10" [stack: 0x000000f2d3400000,0x000000f2d3500000] [id=81144]
  0x0000021bc8a0b800 GCTaskThread "GC Thread#11" [stack: 0x000000f2d3500000,0x000000f2d3600000] [id=12040]
  0x0000021bc8a35000 GCTaskThread "GC Thread#12" [stack: 0x000000f2d3600000,0x000000f2d3700000] [id=141600]
  0x0000021babebf000 ConcurrentGCThread "G1 Main Marker" [stack: 0x000000f2d0f00000,0x000000f2d1000000] [id=139372]
  0x0000021babec0000 ConcurrentGCThread "G1 Conc#0" [stack: 0x000000f2d1000000,0x000000f2d1100000] [id=86900]
  0x0000021bc8847800 ConcurrentGCThread "G1 Conc#1" [stack: 0x000000f2d3700000,0x000000f2d3800000] [id=147452]
  0x0000021bc81f9000 ConcurrentGCThread "G1 Conc#2" [stack: 0x000000f2d3800000,0x000000f2d3900000] [id=135292]
  0x0000021bc53ef000 ConcurrentGCThread "G1 Refine#0" [stack: 0x000000f2d1100000,0x000000f2d1200000] [id=120624]
  0x0000021bc994b000 ConcurrentGCThread "G1 Refine#1" [stack: 0x000000f2d3d00000,0x000000f2d3e00000] [id=136048]
  0x0000021bc53f0000 ConcurrentGCThread "G1 Young RemSet Sampling" [stack: 0x000000f2d1200000,0x000000f2d1300000] [id=80272]

Threads with active compile tasks:
C2 CompilerThread0  39096 9001       4       sun.security.provider.SHA::implCompress0 (482 bytes)
C1 CompilerThread0  39096 9118       3       com.google.common.collect.Lists::indexOfImpl (51 bytes)
C1 CompilerThread1  39097 9120       3       org.gradle.internal.component.external.model.maven.DefaultMavenModuleResolveMetadata::populateConfigurationFromDescriptor (34 bytes)
C2 CompilerThread1  39097 9114       4       org.gradle.util.internal.SimpleMapInterner::intern (9 bytes)

VM state:not at safepoint (normal execution)

VM Mutex/Monitor currently owned by a thread: None

Heap address: 0x00000000e0000000, size: 512 MB, Compressed Oops mode: 32-bit
Narrow klass base: 0x0000000000000000, Narrow klass shift: 3
Compressed class space size: 260046848 Address: 0x0000000100000000

Heap:
 garbage-first heap   total 262144K, used 200624K [0x00000000e0000000, 0x0000000100000000)
  region size 1024K, 95 young (97280K), 11 survivors (11264K)
 Metaspace       used 84578K, capacity 89246K, committed 89468K, reserved 331776K
  class space    used 11572K, capacity 13407K, committed 13516K, reserved 253952K
Heap Regions: E=young(eden), S=young(survivor), O=old, HS=humongous(starts), HC=humongous(continues), CS=collection set, F=free, A=archive, TAMS=top-at-mark-start (previous, next)
|   0|0x00000000e0000000, 0x00000000e0100000, 0x00000000e0100000|100%| O|  |TAMS 0x00000000e0100000, 0x00000000e0000000| Untracked 
|   1|0x00000000e0100000, 0x00000000e0200000, 0x00000000e0200000|100%| O|  |TAMS 0x00000000e0200000, 0x00000000e0100000| Untracked 
|   2|0x00000000e0200000, 0x00000000e0300000, 0x00000000e0300000|100%| O|  |TAMS 0x00000000e0300000, 0x00000000e0200000| Untracked 
|   3|0x00000000e0300000, 0x00000000e0400000, 0x00000000e0400000|100%|HS|  |TAMS 0x00000000e0400000, 0x00000000e0300000| Complete 
|   4|0x00000000e0400000, 0x00000000e0500000, 0x00000000e0500000|100%|HC|  |TAMS 0x00000000e0500000, 0x00000000e0400000| Complete 
|   5|0x00000000e0500000, 0x00000000e0600000, 0x00000000e0600000|100%|HC|  |TAMS 0x00000000e0600000, 0x00000000e0500000| Complete 
|   6|0x00000000e0600000, 0x00000000e0700000, 0x00000000e0700000|100%| O|  |TAMS 0x00000000e0700000, 0x00000000e0600000| Untracked 
|   7|0x00000000e0700000, 0x00000000e0800000, 0x00000000e0800000|100%| O|  |TAMS 0x00000000e0800000, 0x00000000e0700000| Untracked 
|   8|0x00000000e0800000, 0x00000000e0900000, 0x00000000e0900000|100%| O|  |TAMS 0x00000000e0900000, 0x00000000e0800000| Untracked 
|   9|0x00000000e0900000, 0x00000000e0a00000, 0x00000000e0a00000|100%| O|  |TAMS 0x00000000e0a00000, 0x00000000e0900000| Untracked 
|  10|0x00000000e0a00000, 0x00000000e0b00000, 0x00000000e0b00000|100%| O|  |TAMS 0x00000000e0b00000, 0x00000000e0a00000| Untracked 
|  11|0x00000000e0b00000, 0x00000000e0c00000, 0x00000000e0c00000|100%| O|  |TAMS 0x00000000e0c00000, 0x00000000e0b00000| Untracked 
|  12|0x00000000e0c00000, 0x00000000e0d00000, 0x00000000e0d00000|100%| O|  |TAMS 0x00000000e0d00000, 0x00000000e0c00000| Untracked 
|  13|0x00000000e0d00000, 0x00000000e0e00000, 0x00000000e0e00000|100%| O|  |TAMS 0x00000000e0e00000, 0x00000000e0d00000| Untracked 
|  14|0x00000000e0e00000, 0x00000000e0f00000, 0x00000000e0f00000|100%| O|  |TAMS 0x00000000e0f00000, 0x00000000e0e00000| Untracked 
|  15|0x00000000e0f00000, 0x00000000e1000000, 0x00000000e1000000|100%| O|  |TAMS 0x00000000e1000000, 0x00000000e0f00000| Untracked 
|  16|0x00000000e1000000, 0x00000000e1100000, 0x00000000e1100000|100%| O|  |TAMS 0x00000000e1100000, 0x00000000e1000000| Untracked 
|  17|0x00000000e1100000, 0x00000000e1200000, 0x00000000e1200000|100%|HS|  |TAMS 0x00000000e1200000, 0x00000000e1100000| Complete 
|  18|0x00000000e1200000, 0x00000000e1300000, 0x00000000e1300000|100%|HC|  |TAMS 0x00000000e1300000, 0x00000000e1200000| Complete 
|  19|0x00000000e1300000, 0x00000000e1400000, 0x00000000e1400000|100%|HS|  |TAMS 0x00000000e1400000, 0x00000000e1300000| Complete 
|  20|0x00000000e1400000, 0x00000000e1500000, 0x00000000e1500000|100%|HC|  |TAMS 0x00000000e1500000, 0x00000000e1400000| Complete 
|  21|0x00000000e1500000, 0x00000000e1600000, 0x00000000e1600000|100%|HC|  |TAMS 0x00000000e1600000, 0x00000000e1500000| Complete 
|  22|0x00000000e1600000, 0x00000000e1700000, 0x00000000e1700000|100%|HS|  |TAMS 0x00000000e1700000, 0x00000000e1600000| Complete 
|  23|0x00000000e1700000, 0x00000000e1800000, 0x00000000e1800000|100%|HS|  |TAMS 0x00000000e1800000, 0x00000000e1700000| Complete 
|  24|0x00000000e1800000, 0x00000000e1900000, 0x00000000e1900000|100%|HC|  |TAMS 0x00000000e1900000, 0x00000000e1800000| Complete 
|  25|0x00000000e1900000, 0x00000000e1a00000, 0x00000000e1a00000|100%|HC|  |TAMS 0x00000000e1a00000, 0x00000000e1900000| Complete 
|  26|0x00000000e1a00000, 0x00000000e1b00000, 0x00000000e1b00000|100%|HS|  |TAMS 0x00000000e1b00000, 0x00000000e1a00000| Complete 
|  27|0x00000000e1b00000, 0x00000000e1c00000, 0x00000000e1c00000|100%|HC|  |TAMS 0x00000000e1c00000, 0x00000000e1b00000| Complete 
|  28|0x00000000e1c00000, 0x00000000e1d00000, 0x00000000e1d00000|100%|HC|  |TAMS 0x00000000e1d00000, 0x00000000e1c00000| Complete 
|  29|0x00000000e1d00000, 0x00000000e1e00000, 0x00000000e1e00000|100%|HS|  |TAMS 0x00000000e1e00000, 0x00000000e1d00000| Complete 
|  30|0x00000000e1e00000, 0x00000000e1f00000, 0x00000000e1f00000|100%|HC|  |TAMS 0x00000000e1f00000, 0x00000000e1e00000| Complete 
|  31|0x00000000e1f00000, 0x00000000e2000000, 0x00000000e2000000|100%|HC|  |TAMS 0x00000000e2000000, 0x00000000e1f00000| Complete 
|  32|0x00000000e2000000, 0x00000000e2100000, 0x00000000e2100000|100%|HS|  |TAMS 0x00000000e2100000, 0x00000000e2000000| Complete 
|  33|0x00000000e2100000, 0x00000000e2200000, 0x00000000e2200000|100%| O|  |TAMS 0x00000000e2200000, 0x00000000e2100000| Untracked 
|  34|0x00000000e2200000, 0x00000000e2300000, 0x00000000e2300000|100%| O|  |TAMS 0x00000000e2300000, 0x00000000e2200000| Untracked 
|  35|0x00000000e2300000, 0x00000000e2400000, 0x00000000e2400000|100%| O|  |TAMS 0x00000000e2400000, 0x00000000e2300000| Untracked 
|  36|0x00000000e2400000, 0x00000000e2500000, 0x00000000e2500000|100%| O|  |TAMS 0x00000000e2500000, 0x00000000e2400000| Untracked 
|  37|0x00000000e2500000, 0x00000000e2600000, 0x00000000e2600000|100%| O|  |TAMS 0x00000000e2600000, 0x00000000e2500000| Untracked 
|  38|0x00000000e2600000, 0x00000000e2700000, 0x00000000e2700000|100%| O|  |TAMS 0x00000000e2700000, 0x00000000e2600000| Untracked 
|  39|0x00000000e2700000, 0x00000000e2800000, 0x00000000e2800000|100%| O|  |TAMS 0x00000000e2800000, 0x00000000e2700000| Untracked 
|  40|0x00000000e2800000, 0x00000000e2900000, 0x00000000e2900000|100%| O|  |TAMS 0x00000000e2900000, 0x00000000e2800000| Untracked 
|  41|0x00000000e2900000, 0x00000000e2a00000, 0x00000000e2a00000|100%| O|  |TAMS 0x00000000e2a00000, 0x00000000e2900000| Untracked 
|  42|0x00000000e2a00000, 0x00000000e2b00000, 0x00000000e2b00000|100%| O|  |TAMS 0x00000000e2b00000, 0x00000000e2a00000| Untracked 
|  43|0x00000000e2b00000, 0x00000000e2c00000, 0x00000000e2c00000|100%| O|  |TAMS 0x00000000e2c00000, 0x00000000e2b00000| Untracked 
|  44|0x00000000e2c00000, 0x00000000e2d00000, 0x00000000e2d00000|100%| O|  |TAMS 0x00000000e2d00000, 0x00000000e2c00000| Untracked 
|  45|0x00000000e2d00000, 0x00000000e2e00000, 0x00000000e2e00000|100%| O|  |TAMS 0x00000000e2e00000, 0x00000000e2d00000| Untracked 
|  46|0x00000000e2e00000, 0x00000000e2f00000, 0x00000000e2f00000|100%| O|  |TAMS 0x00000000e2f00000, 0x00000000e2e00000| Untracked 
|  47|0x00000000e2f00000, 0x00000000e3000000, 0x00000000e3000000|100%| O|  |TAMS 0x00000000e3000000, 0x00000000e2f00000| Untracked 
|  48|0x00000000e3000000, 0x00000000e3100000, 0x00000000e3100000|100%| O|  |TAMS 0x00000000e3100000, 0x00000000e3000000| Untracked 
|  49|0x00000000e3100000, 0x00000000e3200000, 0x00000000e3200000|100%| O|  |TAMS 0x00000000e3200000, 0x00000000e3100000| Untracked 
|  50|0x00000000e3200000, 0x00000000e3300000, 0x00000000e3300000|100%| O|  |TAMS 0x00000000e3300000, 0x00000000e3200000| Untracked 
|  51|0x00000000e3300000, 0x00000000e3400000, 0x00000000e3400000|100%| O|  |TAMS 0x00000000e3400000, 0x00000000e3300000| Untracked 
|  52|0x00000000e3400000, 0x00000000e3500000, 0x00000000e3500000|100%| O|  |TAMS 0x00000000e3500000, 0x00000000e3400000| Untracked 
|  53|0x00000000e3500000, 0x00000000e3600000, 0x00000000e3600000|100%| O|  |TAMS 0x00000000e3600000, 0x00000000e3500000| Untracked 
|  54|0x00000000e3600000, 0x00000000e3700000, 0x00000000e3700000|100%| O|  |TAMS 0x00000000e3700000, 0x00000000e3600000| Untracked 
|  55|0x00000000e3700000, 0x00000000e3800000, 0x00000000e3800000|100%| O|  |TAMS 0x00000000e3800000, 0x00000000e3700000| Untracked 
|  56|0x00000000e3800000, 0x00000000e3900000, 0x00000000e3900000|100%| O|  |TAMS 0x00000000e3900000, 0x00000000e3800000| Untracked 
|  57|0x00000000e3900000, 0x00000000e3a00000, 0x00000000e3a00000|100%| O|  |TAMS 0x00000000e3a00000, 0x00000000e3900000| Untracked 
|  58|0x00000000e3a00000, 0x00000000e3b00000, 0x00000000e3b00000|100%| O|  |TAMS 0x00000000e3a33400, 0x00000000e3a00000| Untracked 
|  59|0x00000000e3b00000, 0x00000000e3c00000, 0x00000000e3c00000|100%| O|  |TAMS 0x00000000e3b00000, 0x00000000e3b00000| Untracked 
|  60|0x00000000e3c00000, 0x00000000e3d00000, 0x00000000e3d00000|100%| O|  |TAMS 0x00000000e3c00000, 0x00000000e3c00000| Untracked 
|  61|0x00000000e3d00000, 0x00000000e3e00000, 0x00000000e3e00000|100%| O|  |TAMS 0x00000000e3d00000, 0x00000000e3d00000| Untracked 
|  62|0x00000000e3e00000, 0x00000000e3f00000, 0x00000000e3f00000|100%| O|  |TAMS 0x00000000e3e00000, 0x00000000e3e00000| Untracked 
|  63|0x00000000e3f00000, 0x00000000e4000000, 0x00000000e4000000|100%| O|  |TAMS 0x00000000e3f00000, 0x00000000e3f00000| Untracked 
|  64|0x00000000e4000000, 0x00000000e4100000, 0x00000000e4100000|100%| O|  |TAMS 0x00000000e4000000, 0x00000000e4000000| Untracked 
|  65|0x00000000e4100000, 0x00000000e4200000, 0x00000000e4200000|100%| O|  |TAMS 0x00000000e4100000, 0x00000000e4100000| Untracked 
|  66|0x00000000e4200000, 0x00000000e4300000, 0x00000000e4300000|100%| O|  |TAMS 0x00000000e4200000, 0x00000000e4200000| Untracked 
|  67|0x00000000e4300000, 0x00000000e4400000, 0x00000000e4400000|100%| O|  |TAMS 0x00000000e4300000, 0x00000000e4300000| Untracked 
|  68|0x00000000e4400000, 0x00000000e4500000, 0x00000000e4500000|100%| O|  |TAMS 0x00000000e4400000, 0x00000000e4400000| Untracked 
|  69|0x00000000e4500000, 0x00000000e4600000, 0x00000000e4600000|100%| O|  |TAMS 0x00000000e4500000, 0x00000000e4500000| Untracked 
|  70|0x00000000e4600000, 0x00000000e4700000, 0x00000000e4700000|100%| O|  |TAMS 0x00000000e4600000, 0x00000000e4600000| Untracked 
|  71|0x00000000e4700000, 0x00000000e4800000, 0x00000000e4800000|100%| O|  |TAMS 0x00000000e4700000, 0x00000000e4700000| Untracked 
|  72|0x00000000e4800000, 0x00000000e4900000, 0x00000000e4900000|100%| O|  |TAMS 0x00000000e4800000, 0x00000000e4800000| Untracked 
|  73|0x00000000e4900000, 0x00000000e4a00000, 0x00000000e4a00000|100%| O|  |TAMS 0x00000000e4900000, 0x00000000e4900000| Untracked 
|  74|0x00000000e4a00000, 0x00000000e4b00000, 0x00000000e4b00000|100%| O|  |TAMS 0x00000000e4a00000, 0x00000000e4a00000| Untracked 
|  75|0x00000000e4b00000, 0x00000000e4c00000, 0x00000000e4c00000|100%| O|  |TAMS 0x00000000e4b00000, 0x00000000e4b00000| Untracked 
|  76|0x00000000e4c00000, 0x00000000e4d00000, 0x00000000e4d00000|100%| O|  |TAMS 0x00000000e4c00000, 0x00000000e4c00000| Untracked 
|  77|0x00000000e4d00000, 0x00000000e4e00000, 0x00000000e4e00000|100%| O|  |TAMS 0x00000000e4d00000, 0x00000000e4d00000| Untracked 
|  78|0x00000000e4e00000, 0x00000000e4f00000, 0x00000000e4f00000|100%| O|  |TAMS 0x00000000e4e00000, 0x00000000e4e00000| Untracked 
|  79|0x00000000e4f00000, 0x00000000e5000000, 0x00000000e5000000|100%| O|  |TAMS 0x00000000e4f00000, 0x00000000e4f00000| Untracked 
|  80|0x00000000e5000000, 0x00000000e5100000, 0x00000000e5100000|100%| O|  |TAMS 0x00000000e5000000, 0x00000000e5000000| Untracked 
|  81|0x00000000e5100000, 0x00000000e5200000, 0x00000000e5200000|100%| O|  |TAMS 0x00000000e5100000, 0x00000000e5100000| Untracked 
|  82|0x00000000e5200000, 0x00000000e5300000, 0x00000000e5300000|100%| O|  |TAMS 0x00000000e5200000, 0x00000000e5200000| Untracked 
|  83|0x00000000e5300000, 0x00000000e5400000, 0x00000000e5400000|100%|HS|  |TAMS 0x00000000e5300000, 0x00000000e5300000| Complete 
|  84|0x00000000e5400000, 0x00000000e5500000, 0x00000000e5500000|100%|HC|  |TAMS 0x00000000e5400000, 0x00000000e5400000| Complete 
|  85|0x00000000e5500000, 0x00000000e5600000, 0x00000000e5600000|100%|HS|  |TAMS 0x00000000e5500000, 0x00000000e5500000| Complete 
|  86|0x00000000e5600000, 0x00000000e5700000, 0x00000000e5700000|100%|HC|  |TAMS 0x00000000e5600000, 0x00000000e5600000| Complete 
|  87|0x00000000e5700000, 0x00000000e5800000, 0x00000000e5800000|100%|HC|  |TAMS 0x00000000e5700000, 0x00000000e5700000| Complete 
|  88|0x00000000e5800000, 0x00000000e5900000, 0x00000000e5900000|100%|HS|  |TAMS 0x00000000e5800000, 0x00000000e5800000| Complete 
|  89|0x00000000e5900000, 0x00000000e5a00000, 0x00000000e5a00000|100%|HS|  |TAMS 0x00000000e5900000, 0x00000000e5900000| Complete 
|  90|0x00000000e5a00000, 0x00000000e5b00000, 0x00000000e5b00000|100%|HC|  |TAMS 0x00000000e5a00000, 0x00000000e5a00000| Complete 
|  91|0x00000000e5b00000, 0x00000000e5c00000, 0x00000000e5c00000|100%|HC|  |TAMS 0x00000000e5b00000, 0x00000000e5b00000| Complete 
|  92|0x00000000e5c00000, 0x00000000e5d00000, 0x00000000e5d00000|100%| O|  |TAMS 0x00000000e5c00000, 0x00000000e5c00000| Untracked 
|  93|0x00000000e5d00000, 0x00000000e5e00000, 0x00000000e5e00000|100%| O|  |TAMS 0x00000000e5d00000, 0x00000000e5d00000| Untracked 
|  94|0x00000000e5e00000, 0x00000000e5f00000, 0x00000000e5f00000|100%| O|  |TAMS 0x00000000e5e00000, 0x00000000e5e00000| Untracked 
|  95|0x00000000e5f00000, 0x00000000e6000000, 0x00000000e6000000|100%| O|  |TAMS 0x00000000e5f00000, 0x00000000e5f00000| Untracked 
|  96|0x00000000e6000000, 0x00000000e6100000, 0x00000000e6100000|100%| O|  |TAMS 0x00000000e6000000, 0x00000000e6000000| Untracked 
|  97|0x00000000e6100000, 0x00000000e6200000, 0x00000000e6200000|100%| O|  |TAMS 0x00000000e6100000, 0x00000000e6100000| Untracked 
|  98|0x00000000e6200000, 0x00000000e6300000, 0x00000000e6300000|100%| O|  |TAMS 0x00000000e6200000, 0x00000000e6200000| Untracked 
|  99|0x00000000e6300000, 0x00000000e6400000, 0x00000000e6400000|100%| O|  |TAMS 0x00000000e6300000, 0x00000000e6300000| Untracked 
| 100|0x00000000e6400000, 0x00000000e6500000, 0x00000000e6500000|100%| O|  |TAMS 0x00000000e6400000, 0x00000000e6400000| Untracked 
| 101|0x00000000e6500000, 0x00000000e6600000, 0x00000000e6600000|100%| O|  |TAMS 0x00000000e6500000, 0x00000000e6500000| Untracked 
| 102|0x00000000e6600000, 0x00000000e6626400, 0x00000000e6700000| 14%| O|  |TAMS 0x00000000e6600000, 0x00000000e6600000| Untracked 
| 103|0x00000000e6700000, 0x00000000e6700000, 0x00000000e6800000|  0%| F|  |TAMS 0x00000000e6700000, 0x00000000e6700000| Untracked 
| 104|0x00000000e6800000, 0x00000000e6800000, 0x00000000e6900000|  0%| F|  |TAMS 0x00000000e6800000, 0x00000000e6800000| Untracked 
| 105|0x00000000e6900000, 0x00000000e6900000, 0x00000000e6a00000|  0%| F|  |TAMS 0x00000000e6900000, 0x00000000e6900000| Untracked 
| 106|0x00000000e6a00000, 0x00000000e6a00000, 0x00000000e6b00000|  0%| F|  |TAMS 0x00000000e6a00000, 0x00000000e6a00000| Untracked 
| 107|0x00000000e6b00000, 0x00000000e6b00000, 0x00000000e6c00000|  0%| F|  |TAMS 0x00000000e6b00000, 0x00000000e6b00000| Untracked 
| 108|0x00000000e6c00000, 0x00000000e6c00000, 0x00000000e6d00000|  0%| F|  |TAMS 0x00000000e6c00000, 0x00000000e6c00000| Untracked 
| 109|0x00000000e6d00000, 0x00000000e6d00000, 0x00000000e6e00000|  0%| F|  |TAMS 0x00000000e6d00000, 0x00000000e6d00000| Untracked 
| 110|0x00000000e6e00000, 0x00000000e6e00000, 0x00000000e6f00000|  0%| F|  |TAMS 0x00000000e6e00000, 0x00000000e6e00000| Untracked 
| 111|0x00000000e6f00000, 0x00000000e6f00000, 0x00000000e7000000|  0%| F|  |TAMS 0x00000000e6f00000, 0x00000000e6f00000| Untracked 
| 112|0x00000000e7000000, 0x00000000e7000000, 0x00000000e7100000|  0%| F|  |TAMS 0x00000000e7000000, 0x00000000e7000000| Untracked 
| 113|0x00000000e7100000, 0x00000000e7100000, 0x00000000e7200000|  0%| F|  |TAMS 0x00000000e7100000, 0x00000000e7100000| Untracked 
| 114|0x00000000e7200000, 0x00000000e7200000, 0x00000000e7300000|  0%| F|  |TAMS 0x00000000e7200000, 0x00000000e7200000| Untracked 
| 115|0x00000000e7300000, 0x00000000e7300000, 0x00000000e7400000|  0%| F|  |TAMS 0x00000000e7300000, 0x00000000e7300000| Untracked 
| 116|0x00000000e7400000, 0x00000000e7400000, 0x00000000e7500000|  0%| F|  |TAMS 0x00000000e7400000, 0x00000000e7400000| Untracked 
| 117|0x00000000e7500000, 0x00000000e7500000, 0x00000000e7600000|  0%| F|  |TAMS 0x00000000e7500000, 0x00000000e7500000| Untracked 
| 118|0x00000000e7600000, 0x00000000e7600000, 0x00000000e7700000|  0%| F|  |TAMS 0x00000000e7600000, 0x00000000e7600000| Untracked 
| 119|0x00000000e7700000, 0x00000000e7700000, 0x00000000e7800000|  0%| F|  |TAMS 0x00000000e7700000, 0x00000000e7700000| Untracked 
| 120|0x00000000e7800000, 0x00000000e7800000, 0x00000000e7900000|  0%| F|  |TAMS 0x00000000e7800000, 0x00000000e7800000| Untracked 
| 121|0x00000000e7900000, 0x00000000e7900000, 0x00000000e7a00000|  0%| F|  |TAMS 0x00000000e7900000, 0x00000000e7900000| Untracked 
| 122|0x00000000e7a00000, 0x00000000e7a00000, 0x00000000e7b00000|  0%| F|  |TAMS 0x00000000e7a00000, 0x00000000e7a00000| Untracked 
| 123|0x00000000e7b00000, 0x00000000e7b00000, 0x00000000e7c00000|  0%| F|  |TAMS 0x00000000e7b00000, 0x00000000e7b00000| Untracked 
| 124|0x00000000e7c00000, 0x00000000e7c00000, 0x00000000e7d00000|  0%| F|  |TAMS 0x00000000e7c00000, 0x00000000e7c00000| Untracked 
| 125|0x00000000e7d00000, 0x00000000e7d00000, 0x00000000e7e00000|  0%| F|  |TAMS 0x00000000e7d00000, 0x00000000e7d00000| Untracked 
| 126|0x00000000e7e00000, 0x00000000e7e00000, 0x00000000e7f00000|  0%| F|  |TAMS 0x00000000e7e00000, 0x00000000e7e00000| Untracked 
| 127|0x00000000e7f00000, 0x00000000e7f00000, 0x00000000e8000000|  0%| F|  |TAMS 0x00000000e7f00000, 0x00000000e7f00000| Untracked 
| 128|0x00000000e8000000, 0x00000000e8000000, 0x00000000e8100000|  0%| F|  |TAMS 0x00000000e8000000, 0x00000000e8000000| Untracked 
| 129|0x00000000e8100000, 0x00000000e8100000, 0x00000000e8200000|  0%| F|  |TAMS 0x00000000e8100000, 0x00000000e8100000| Untracked 
| 130|0x00000000e8200000, 0x00000000e8200000, 0x00000000e8300000|  0%| F|  |TAMS 0x00000000e8200000, 0x00000000e8200000| Untracked 
| 131|0x00000000e8300000, 0x00000000e8300000, 0x00000000e8400000|  0%| F|  |TAMS 0x00000000e8300000, 0x00000000e8300000| Untracked 
| 132|0x00000000e8400000, 0x00000000e8400000, 0x00000000e8500000|  0%| F|  |TAMS 0x00000000e8400000, 0x00000000e8400000| Untracked 
| 133|0x00000000e8500000, 0x00000000e8500000, 0x00000000e8600000|  0%| F|  |TAMS 0x00000000e8500000, 0x00000000e8500000| Untracked 
| 134|0x00000000e8600000, 0x00000000e8600000, 0x00000000e8700000|  0%| F|  |TAMS 0x00000000e8600000, 0x00000000e8600000| Untracked 
| 135|0x00000000e8700000, 0x00000000e8700000, 0x00000000e8800000|  0%| F|  |TAMS 0x00000000e8700000, 0x00000000e8700000| Untracked 
| 136|0x00000000e8800000, 0x00000000e8800000, 0x00000000e8900000|  0%| F|  |TAMS 0x00000000e8800000, 0x00000000e8800000| Untracked 
| 137|0x00000000e8900000, 0x00000000e8900000, 0x00000000e8a00000|  0%| F|  |TAMS 0x00000000e8900000, 0x00000000e8900000| Untracked 
| 138|0x00000000e8a00000, 0x00000000e8a00000, 0x00000000e8b00000|  0%| F|  |TAMS 0x00000000e8a00000, 0x00000000e8a00000| Untracked 
| 139|0x00000000e8b00000, 0x00000000e8b00000, 0x00000000e8c00000|  0%| F|  |TAMS 0x00000000e8b00000, 0x00000000e8b00000| Untracked 
| 140|0x00000000e8c00000, 0x00000000e8c00000, 0x00000000e8d00000|  0%| F|  |TAMS 0x00000000e8c00000, 0x00000000e8c00000| Untracked 
| 141|0x00000000e8d00000, 0x00000000e8d00000, 0x00000000e8e00000|  0%| F|  |TAMS 0x00000000e8d00000, 0x00000000e8d00000| Untracked 
| 142|0x00000000e8e00000, 0x00000000e8e00000, 0x00000000e8f00000|  0%| F|  |TAMS 0x00000000e8e00000, 0x00000000e8e00000| Untracked 
| 143|0x00000000e8f00000, 0x00000000e8f00000, 0x00000000e9000000|  0%| F|  |TAMS 0x00000000e8f00000, 0x00000000e8f00000| Untracked 
| 144|0x00000000e9000000, 0x00000000e90c5dc8, 0x00000000e9100000| 77%| S|CS|TAMS 0x00000000e9000000, 0x00000000e9000000| Complete 
| 145|0x00000000e9100000, 0x00000000e9200000, 0x00000000e9200000|100%| S|CS|TAMS 0x00000000e9100000, 0x00000000e9100000| Complete 
| 146|0x00000000e9200000, 0x00000000e9300000, 0x00000000e9300000|100%| S|CS|TAMS 0x00000000e9200000, 0x00000000e9200000| Complete 
| 147|0x00000000e9300000, 0x00000000e9400000, 0x00000000e9400000|100%| S|CS|TAMS 0x00000000e9300000, 0x00000000e9300000| Complete 
| 148|0x00000000e9400000, 0x00000000e9500000, 0x00000000e9500000|100%| S|CS|TAMS 0x00000000e9400000, 0x00000000e9400000| Complete 
| 149|0x00000000e9500000, 0x00000000e9600000, 0x00000000e9600000|100%| S|CS|TAMS 0x00000000e9500000, 0x00000000e9500000| Complete 
| 150|0x00000000e9600000, 0x00000000e9600000, 0x00000000e9700000|  0%| F|  |TAMS 0x00000000e9600000, 0x00000000e9600000| Untracked 
| 151|0x00000000e9700000, 0x00000000e9700000, 0x00000000e9800000|  0%| F|  |TAMS 0x00000000e9700000, 0x00000000e9700000| Untracked 
| 152|0x00000000e9800000, 0x00000000e9800000, 0x00000000e9900000|  0%| F|  |TAMS 0x00000000e9800000, 0x00000000e9800000| Untracked 
| 153|0x00000000e9900000, 0x00000000e9a00000, 0x00000000e9a00000|100%| S|CS|TAMS 0x00000000e9900000, 0x00000000e9900000| Complete 
| 154|0x00000000e9a00000, 0x00000000e9b00000, 0x00000000e9b00000|100%| S|CS|TAMS 0x00000000e9a00000, 0x00000000e9a00000| Complete 
| 155|0x00000000e9b00000, 0x00000000e9c00000, 0x00000000e9c00000|100%| S|CS|TAMS 0x00000000e9b00000, 0x00000000e9b00000| Complete 
| 156|0x00000000e9c00000, 0x00000000e9d00000, 0x00000000e9d00000|100%| S|CS|TAMS 0x00000000e9c00000, 0x00000000e9c00000| Complete 
| 157|0x00000000e9d00000, 0x00000000e9e00000, 0x00000000e9e00000|100%| S|CS|TAMS 0x00000000e9d00000, 0x00000000e9d00000| Complete 
| 158|0x00000000e9e00000, 0x00000000e9e00000, 0x00000000e9f00000|  0%| F|  |TAMS 0x00000000e9e00000, 0x00000000e9e00000| Untracked 
| 159|0x00000000e9f00000, 0x00000000e9f00000, 0x00000000ea000000|  0%| F|  |TAMS 0x00000000e9f00000, 0x00000000e9f00000| Untracked 
| 160|0x00000000ea000000, 0x00000000ea000000, 0x00000000ea100000|  0%| F|  |TAMS 0x00000000ea000000, 0x00000000ea000000| Untracked 
| 161|0x00000000ea100000, 0x00000000ea100000, 0x00000000ea200000|  0%| F|  |TAMS 0x00000000ea100000, 0x00000000ea100000| Untracked 
| 162|0x00000000ea200000, 0x00000000ea200000, 0x00000000ea300000|  0%| F|  |TAMS 0x00000000ea200000, 0x00000000ea200000| Untracked 
| 163|0x00000000ea300000, 0x00000000ea300000, 0x00000000ea400000|  0%| F|  |TAMS 0x00000000ea300000, 0x00000000ea300000| Untracked 
| 164|0x00000000ea400000, 0x00000000ea400000, 0x00000000ea500000|  0%| F|  |TAMS 0x00000000ea400000, 0x00000000ea400000| Untracked 
| 165|0x00000000ea500000, 0x00000000ea500000, 0x00000000ea600000|  0%| F|  |TAMS 0x00000000ea500000, 0x00000000ea500000| Untracked 
| 166|0x00000000ea600000, 0x00000000ea600000, 0x00000000ea700000|  0%| F|  |TAMS 0x00000000ea600000, 0x00000000ea600000| Untracked 
| 167|0x00000000ea700000, 0x00000000ea700000, 0x00000000ea800000|  0%| F|  |TAMS 0x00000000ea700000, 0x00000000ea700000| Untracked 
| 168|0x00000000ea800000, 0x00000000ea800000, 0x00000000ea900000|  0%| F|  |TAMS 0x00000000ea800000, 0x00000000ea800000| Untracked 
| 169|0x00000000ea900000, 0x00000000ea900000, 0x00000000eaa00000|  0%| F|  |TAMS 0x00000000ea900000, 0x00000000ea900000| Untracked 
| 170|0x00000000eaa00000, 0x00000000eaa00000, 0x00000000eab00000|  0%| F|  |TAMS 0x00000000eaa00000, 0x00000000eaa00000| Untracked 
| 171|0x00000000eab00000, 0x00000000eab00000, 0x00000000eac00000|  0%| F|  |TAMS 0x00000000eab00000, 0x00000000eab00000| Untracked 
| 172|0x00000000eac00000, 0x00000000eac80800, 0x00000000ead00000| 50%| E|  |TAMS 0x00000000eac00000, 0x00000000eac00000| Complete 
| 173|0x00000000ead00000, 0x00000000eae00000, 0x00000000eae00000|100%| E|CS|TAMS 0x00000000ead00000, 0x00000000ead00000| Complete 
| 174|0x00000000eae00000, 0x00000000eaf00000, 0x00000000eaf00000|100%| E|CS|TAMS 0x00000000eae00000, 0x00000000eae00000| Complete 
| 175|0x00000000eaf00000, 0x00000000eb000000, 0x00000000eb000000|100%| E|CS|TAMS 0x00000000eaf00000, 0x00000000eaf00000| Complete 
| 176|0x00000000eb000000, 0x00000000eb100000, 0x00000000eb100000|100%| E|CS|TAMS 0x00000000eb000000, 0x00000000eb000000| Complete 
| 177|0x00000000eb100000, 0x00000000eb200000, 0x00000000eb200000|100%| E|CS|TAMS 0x00000000eb100000, 0x00000000eb100000| Complete 
| 178|0x00000000eb200000, 0x00000000eb300000, 0x00000000eb300000|100%| E|CS|TAMS 0x00000000eb200000, 0x00000000eb200000| Complete 
| 179|0x00000000eb300000, 0x00000000eb400000, 0x00000000eb400000|100%| E|CS|TAMS 0x00000000eb300000, 0x00000000eb300000| Complete 
| 180|0x00000000eb400000, 0x00000000eb500000, 0x00000000eb500000|100%| E|CS|TAMS 0x00000000eb400000, 0x00000000eb400000| Complete 
| 181|0x00000000eb500000, 0x00000000eb600000, 0x00000000eb600000|100%| E|CS|TAMS 0x00000000eb500000, 0x00000000eb500000| Complete 
| 182|0x00000000eb600000, 0x00000000eb700000, 0x00000000eb700000|100%| E|CS|TAMS 0x00000000eb600000, 0x00000000eb600000| Complete 
| 183|0x00000000eb700000, 0x00000000eb800000, 0x00000000eb800000|100%| E|CS|TAMS 0x00000000eb700000, 0x00000000eb700000| Complete 
| 184|0x00000000eb800000, 0x00000000eb900000, 0x00000000eb900000|100%| E|CS|TAMS 0x00000000eb800000, 0x00000000eb800000| Complete 
| 185|0x00000000eb900000, 0x00000000eba00000, 0x00000000eba00000|100%| E|CS|TAMS 0x00000000eb900000, 0x00000000eb900000| Complete 
| 186|0x00000000eba00000, 0x00000000ebb00000, 0x00000000ebb00000|100%| E|CS|TAMS 0x00000000eba00000, 0x00000000eba00000| Complete 
| 187|0x00000000ebb00000, 0x00000000ebc00000, 0x00000000ebc00000|100%| E|CS|TAMS 0x00000000ebb00000, 0x00000000ebb00000| Complete 
| 188|0x00000000ebc00000, 0x00000000ebd00000, 0x00000000ebd00000|100%| E|CS|TAMS 0x00000000ebc00000, 0x00000000ebc00000| Complete 
| 189|0x00000000ebd00000, 0x00000000ebe00000, 0x00000000ebe00000|100%| E|CS|TAMS 0x00000000ebd00000, 0x00000000ebd00000| Complete 
| 190|0x00000000ebe00000, 0x00000000ebf00000, 0x00000000ebf00000|100%| E|CS|TAMS 0x00000000ebe00000, 0x00000000ebe00000| Complete 
| 191|0x00000000ebf00000, 0x00000000ec000000, 0x00000000ec000000|100%| E|CS|TAMS 0x00000000ebf00000, 0x00000000ebf00000| Complete 
| 192|0x00000000ec000000, 0x00000000ec100000, 0x00000000ec100000|100%| E|CS|TAMS 0x00000000ec000000, 0x00000000ec000000| Complete 
| 193|0x00000000ec100000, 0x00000000ec200000, 0x00000000ec200000|100%| E|CS|TAMS 0x00000000ec100000, 0x00000000ec100000| Complete 
| 194|0x00000000ec200000, 0x00000000ec300000, 0x00000000ec300000|100%| E|CS|TAMS 0x00000000ec200000, 0x00000000ec200000| Complete 
| 195|0x00000000ec300000, 0x00000000ec400000, 0x00000000ec400000|100%| E|CS|TAMS 0x00000000ec300000, 0x00000000ec300000| Complete 
| 196|0x00000000ec400000, 0x00000000ec500000, 0x00000000ec500000|100%| E|CS|TAMS 0x00000000ec400000, 0x00000000ec400000| Complete 
| 197|0x00000000ec500000, 0x00000000ec600000, 0x00000000ec600000|100%| E|CS|TAMS 0x00000000ec500000, 0x00000000ec500000| Complete 
| 198|0x00000000ec600000, 0x00000000ec700000, 0x00000000ec700000|100%| E|CS|TAMS 0x00000000ec600000, 0x00000000ec600000| Complete 
| 199|0x00000000ec700000, 0x00000000ec800000, 0x00000000ec800000|100%| E|CS|TAMS 0x00000000ec700000, 0x00000000ec700000| Complete 
| 200|0x00000000ec800000, 0x00000000ec900000, 0x00000000ec900000|100%| E|CS|TAMS 0x00000000ec800000, 0x00000000ec800000| Complete 
| 201|0x00000000ec900000, 0x00000000eca00000, 0x00000000eca00000|100%| E|CS|TAMS 0x00000000ec900000, 0x00000000ec900000| Complete 
| 202|0x00000000eca00000, 0x00000000ecb00000, 0x00000000ecb00000|100%| E|CS|TAMS 0x00000000eca00000, 0x00000000eca00000| Complete 
| 203|0x00000000ecb00000, 0x00000000ecc00000, 0x00000000ecc00000|100%| E|CS|TAMS 0x00000000ecb00000, 0x00000000ecb00000| Complete 
| 204|0x00000000ecc00000, 0x00000000ecd00000, 0x00000000ecd00000|100%| E|CS|TAMS 0x00000000ecc00000, 0x00000000ecc00000| Complete 
| 205|0x00000000ecd00000, 0x00000000ece00000, 0x00000000ece00000|100%| E|CS|TAMS 0x00000000ecd00000, 0x00000000ecd00000| Complete 
| 206|0x00000000ece00000, 0x00000000ecf00000, 0x00000000ecf00000|100%| E|CS|TAMS 0x00000000ece00000, 0x00000000ece00000| Complete 
| 207|0x00000000ecf00000, 0x00000000ed000000, 0x00000000ed000000|100%| E|CS|TAMS 0x00000000ecf00000, 0x00000000ecf00000| Complete 
| 208|0x00000000ed000000, 0x00000000ed100000, 0x00000000ed100000|100%| E|CS|TAMS 0x00000000ed000000, 0x00000000ed000000| Complete 
| 209|0x00000000ed100000, 0x00000000ed200000, 0x00000000ed200000|100%| E|CS|TAMS 0x00000000ed100000, 0x00000000ed100000| Complete 
| 210|0x00000000ed200000, 0x00000000ed300000, 0x00000000ed300000|100%| E|CS|TAMS 0x00000000ed200000, 0x00000000ed200000| Complete 
| 211|0x00000000ed300000, 0x00000000ed400000, 0x00000000ed400000|100%| E|CS|TAMS 0x00000000ed300000, 0x00000000ed300000| Complete 
| 212|0x00000000ed400000, 0x00000000ed500000, 0x00000000ed500000|100%| E|CS|TAMS 0x00000000ed400000, 0x00000000ed400000| Complete 
| 213|0x00000000ed500000, 0x00000000ed600000, 0x00000000ed600000|100%| E|CS|TAMS 0x00000000ed500000, 0x00000000ed500000| Complete 
| 214|0x00000000ed600000, 0x00000000ed700000, 0x00000000ed700000|100%| E|CS|TAMS 0x00000000ed600000, 0x00000000ed600000| Complete 
| 215|0x00000000ed700000, 0x00000000ed800000, 0x00000000ed800000|100%| E|CS|TAMS 0x00000000ed700000, 0x00000000ed700000| Complete 
| 216|0x00000000ed800000, 0x00000000ed900000, 0x00000000ed900000|100%| E|CS|TAMS 0x00000000ed800000, 0x00000000ed800000| Complete 
| 217|0x00000000ed900000, 0x00000000eda00000, 0x00000000eda00000|100%| E|CS|TAMS 0x00000000ed900000, 0x00000000ed900000| Complete 
| 218|0x00000000eda00000, 0x00000000edb00000, 0x00000000edb00000|100%| E|CS|TAMS 0x00000000eda00000, 0x00000000eda00000| Complete 
| 219|0x00000000edb00000, 0x00000000edc00000, 0x00000000edc00000|100%| E|CS|TAMS 0x00000000edb00000, 0x00000000edb00000| Complete 
| 220|0x00000000edc00000, 0x00000000edd00000, 0x00000000edd00000|100%| E|CS|TAMS 0x00000000edc00000, 0x00000000edc00000| Complete 
| 221|0x00000000edd00000, 0x00000000ede00000, 0x00000000ede00000|100%| E|CS|TAMS 0x00000000edd00000, 0x00000000edd00000| Complete 
| 222|0x00000000ede00000, 0x00000000edf00000, 0x00000000edf00000|100%| E|CS|TAMS 0x00000000ede00000, 0x00000000ede00000| Complete 
| 223|0x00000000edf00000, 0x00000000ee000000, 0x00000000ee000000|100%| E|CS|TAMS 0x00000000edf00000, 0x00000000edf00000| Complete 
| 224|0x00000000ee000000, 0x00000000ee100000, 0x00000000ee100000|100%| E|CS|TAMS 0x00000000ee000000, 0x00000000ee000000| Complete 
| 225|0x00000000ee100000, 0x00000000ee200000, 0x00000000ee200000|100%| E|CS|TAMS 0x00000000ee100000, 0x00000000ee100000| Complete 
| 226|0x00000000ee200000, 0x00000000ee300000, 0x00000000ee300000|100%| E|CS|TAMS 0x00000000ee200000, 0x00000000ee200000| Complete 
| 227|0x00000000ee300000, 0x00000000ee400000, 0x00000000ee400000|100%| E|CS|TAMS 0x00000000ee300000, 0x00000000ee300000| Complete 
| 228|0x00000000ee400000, 0x00000000ee500000, 0x00000000ee500000|100%| E|CS|TAMS 0x00000000ee400000, 0x00000000ee400000| Complete 
| 229|0x00000000ee500000, 0x00000000ee600000, 0x00000000ee600000|100%| E|CS|TAMS 0x00000000ee500000, 0x00000000ee500000| Complete 
| 230|0x00000000ee600000, 0x00000000ee700000, 0x00000000ee700000|100%| E|CS|TAMS 0x00000000ee600000, 0x00000000ee600000| Complete 
| 231|0x00000000ee700000, 0x00000000ee800000, 0x00000000ee800000|100%| E|CS|TAMS 0x00000000ee700000, 0x00000000ee700000| Complete 
| 232|0x00000000ee800000, 0x00000000ee900000, 0x00000000ee900000|100%| E|CS|TAMS 0x00000000ee800000, 0x00000000ee800000| Complete 
| 233|0x00000000ee900000, 0x00000000eea00000, 0x00000000eea00000|100%| E|CS|TAMS 0x00000000ee900000, 0x00000000ee900000| Complete 
| 234|0x00000000eea00000, 0x00000000eeb00000, 0x00000000eeb00000|100%| E|CS|TAMS 0x00000000eea00000, 0x00000000eea00000| Complete 
| 235|0x00000000eeb00000, 0x00000000eec00000, 0x00000000eec00000|100%| E|CS|TAMS 0x00000000eeb00000, 0x00000000eeb00000| Complete 
| 236|0x00000000eec00000, 0x00000000eed00000, 0x00000000eed00000|100%| E|CS|TAMS 0x00000000eec00000, 0x00000000eec00000| Complete 
| 237|0x00000000eed00000, 0x00000000eee00000, 0x00000000eee00000|100%| E|CS|TAMS 0x00000000eed00000, 0x00000000eed00000| Complete 
| 238|0x00000000eee00000, 0x00000000eef00000, 0x00000000eef00000|100%| E|CS|TAMS 0x00000000eee00000, 0x00000000eee00000| Complete 
| 239|0x00000000eef00000, 0x00000000ef000000, 0x00000000ef000000|100%| E|CS|TAMS 0x00000000eef00000, 0x00000000eef00000| Complete 
| 240|0x00000000ef000000, 0x00000000ef100000, 0x00000000ef100000|100%| E|CS|TAMS 0x00000000ef000000, 0x00000000ef000000| Complete 
| 241|0x00000000ef100000, 0x00000000ef200000, 0x00000000ef200000|100%| E|CS|TAMS 0x00000000ef100000, 0x00000000ef100000| Complete 
| 242|0x00000000ef200000, 0x00000000ef300000, 0x00000000ef300000|100%| E|CS|TAMS 0x00000000ef200000, 0x00000000ef200000| Complete 
| 243|0x00000000ef300000, 0x00000000ef400000, 0x00000000ef400000|100%| E|CS|TAMS 0x00000000ef300000, 0x00000000ef300000| Complete 
| 244|0x00000000ef400000, 0x00000000ef500000, 0x00000000ef500000|100%| E|CS|TAMS 0x00000000ef400000, 0x00000000ef400000| Complete 
| 245|0x00000000ef500000, 0x00000000ef600000, 0x00000000ef600000|100%| E|CS|TAMS 0x00000000ef500000, 0x00000000ef500000| Complete 
| 246|0x00000000ef600000, 0x00000000ef700000, 0x00000000ef700000|100%| E|CS|TAMS 0x00000000ef600000, 0x00000000ef600000| Complete 
| 247|0x00000000ef700000, 0x00000000ef800000, 0x00000000ef800000|100%| E|CS|TAMS 0x00000000ef700000, 0x00000000ef700000| Complete 
| 248|0x00000000ef800000, 0x00000000ef900000, 0x00000000ef900000|100%| E|CS|TAMS 0x00000000ef800000, 0x00000000ef800000| Complete 
| 249|0x00000000ef900000, 0x00000000efa00000, 0x00000000efa00000|100%| E|CS|TAMS 0x00000000ef900000, 0x00000000ef900000| Complete 
| 250|0x00000000efa00000, 0x00000000efb00000, 0x00000000efb00000|100%| E|CS|TAMS 0x00000000efa00000, 0x00000000efa00000| Complete 
| 251|0x00000000efb00000, 0x00000000efc00000, 0x00000000efc00000|100%| E|CS|TAMS 0x00000000efb00000, 0x00000000efb00000| Complete 
| 252|0x00000000efc00000, 0x00000000efd00000, 0x00000000efd00000|100%| E|CS|TAMS 0x00000000efc00000, 0x00000000efc00000| Complete 
| 253|0x00000000efd00000, 0x00000000efe00000, 0x00000000efe00000|100%| E|CS|TAMS 0x00000000efd00000, 0x00000000efd00000| Complete 
| 254|0x00000000efe00000, 0x00000000eff00000, 0x00000000eff00000|100%| E|CS|TAMS 0x00000000efe00000, 0x00000000efe00000| Complete 
| 255|0x00000000eff00000, 0x00000000f0000000, 0x00000000f0000000|100%| E|CS|TAMS 0x00000000eff00000, 0x00000000eff00000| Complete 

Card table byte_map: [0x0000021bc1370000,0x0000021bc1470000] _byte_map_base: 0x0000021bc0c70000

Marking Bits (Prev, Next): (CMBitMap*) 0x0000021babebc350, (CMBitMap*) 0x0000021babebc318
 Prev Bits: [0x0000021bc1d70000, 0x0000021bc2570000)
 Next Bits: [0x0000021bc1570000, 0x0000021bc1d70000)

Polling page: 0x0000021bb1290000

Metaspace:

Usage:
  Non-class:     74.06 MB capacity,    71.32 MB ( 96%) used,     2.45 MB (  3%) free+waste,   297.94 KB ( <1%) overhead. 
      Class:     13.09 MB capacity,    11.30 MB ( 86%) used,     1.64 MB ( 13%) free+waste,   156.94 KB (  1%) overhead. 
       Both:     87.16 MB capacity,    82.62 MB ( 95%) used,     4.09 MB (  5%) free+waste,   454.88 KB ( <1%) overhead. 

Virtual space:
  Non-class space:       76.00 MB reserved,      74.17 MB ( 98%) committed 
      Class space:      248.00 MB reserved,      13.20 MB (  5%) committed 
             Both:      324.00 MB reserved,      87.37 MB ( 27%) committed 

Chunk freelists:
   Non-Class:  48.00 KB
       Class:  1.00 KB
        Both:  49.00 KB

MaxMetaspaceSize: 256.00 MB
CompressedClassSpaceSize: 248.00 MB
Initial GC threshold: 20.80 MB
Current GC threshold: 98.75 MB
CDS: off

CodeHeap 'non-profiled nmethods': size=119168Kb used=7082Kb max_used=7082Kb free=112085Kb
 bounds [0x0000021bb8e50000, 0x0000021bb9540000, 0x0000021bc02b0000]
CodeHeap 'profiled nmethods': size=119168Kb used=21153Kb max_used=21153Kb free=98014Kb
 bounds [0x0000021bb19f0000, 0x0000021bb2ea0000, 0x0000021bb8e50000]
CodeHeap 'non-nmethods': size=7424Kb used=4025Kb max_used=4091Kb free=3398Kb
 bounds [0x0000021bb12b0000, 0x0000021bb16c0000, 0x0000021bb19f0000]
 total_blobs=10021 nmethods=9171 adapters=759
 compilation: enabled
              stopped_count=0, restarted_count=0
 full_count=0

Compilation events (20 events):
Event: 39.024 Thread 0x0000021bc5df2000 nmethod 8992 0x0000021bb9528b90 code [0x0000021bb9528d60, 0x0000021bb95295a8]
Event: 39.024 Thread 0x0000021bc5df2000 9001       4       sun.security.provider.SHA::implCompress0 (482 bytes)
Event: 39.025 Thread 0x0000021bc5dfb000 nmethod 8996 0x0000021bb2e50890 code [0x0000021bb2e50e40, 0x0000021bb2e54008]
Event: 39.025 Thread 0x0000021bc5dfb000 8997       3       org.gradle.internal.serialize.Serializers$StatefulSerializerAdapter$2::write (18 bytes)
Event: 39.025 Thread 0x0000021bc5dfb000 nmethod 8997 0x0000021bb2e55090 code [0x0000021bb2e55260, 0x0000021bb2e55448]
Event: 39.025 Thread 0x0000021bc5dfb000 8991       1       org.gradle.api.internal.project.DefaultProject::getProjectDir (5 bytes)
Event: 39.026 Thread 0x0000021bc5dfb000 nmethod 8991 0x0000021bb9529710 code [0x0000021bb95298c0, 0x0000021bb9529978]
Event: 39.029 Thread 0x0000021bc5dfb000 9005       3       org.gradle.internal.service.DefaultServiceRegistry$ParentServices::getFactory (11 bytes)
Event: 39.030 Thread 0x0000021bc5dfb000 nmethod 9005 0x0000021bb2e55590 code [0x0000021bb2e55740, 0x0000021bb2e55908]
Event: 39.030 Thread 0x0000021bc5dfb000 9006       1       org.gradle.internal.metaobject.BeanDynamicObject::access$1100 (5 bytes)
Event: 39.030 Thread 0x0000021bc5dfb000 nmethod 9006 0x0000021bb9529a10 code [0x0000021bb9529bc0, 0x0000021bb9529c58]
Event: 39.030 Thread 0x0000021bc5dfb000 9007       1       org.gradle.api.internal.artifacts.repositories.AbstractArtifactRepository::getName (5 bytes)
Event: 39.031 Thread 0x0000021bc5dfb000 nmethod 9007 0x0000021bb9529d10 code [0x0000021bb9529ec0, 0x0000021bb9529f78]
Event: 39.031 Thread 0x0000021bc5dfb000 9008       3       com.google.common.collect.RegularImmutableMap::createEntrySet (13 bytes)
Event: 39.031 Thread 0x0000021bc5dfb000 nmethod 9008 0x0000021bb2e55a10 code [0x0000021bb2e55c20, 0x0000021bb2e561a8]
Event: 39.031 Thread 0x0000021bc5dfb000 9009       3       com.google.common.collect.ImmutableMapEntrySet$RegularEntrySet::<init> (10 bytes)
Event: 39.031 Thread 0x0000021bc5dfb000 nmethod 9009 0x0000021bb2e56410 code [0x0000021bb2e56600, 0x0000021bb2e56ac8]
Event: 39.031 Thread 0x0000021bc5dfb000 9010       3       com.google.common.collect.ImmutableMapEntrySet$RegularEntrySet::<init> (15 bytes)
Event: 39.031 Thread 0x0000021bc5dfb000 nmethod 9010 0x0000021bb2e56c90 code [0x0000021bb2e56e60, 0x0000021bb2e571f8]
Event: 39.037 Thread 0x0000021bc5dfb000 9011       3       java.lang.invoke.LambdaFormEditor::getInCache (186 bytes)

GC Heap History (20 events):
Event: 3.291 GC heap before
{Heap before GC invocations=1 (full 0):
 garbage-first heap   total 262144K, used 100716K [0x00000000e0000000, 0x0000000100000000)
  region size 1024K, 93 young (95232K), 3 survivors (3072K)
 Metaspace       used 20827K, capacity 21234K, committed 21296K, reserved 274432K
  class space    used 2548K, capacity 2683K, committed 2688K, reserved 253952K
}
Event: 3.304 GC heap after
{Heap after GC invocations=2 (full 0):
 garbage-first heap   total 262144K, used 16872K [0x00000000e0000000, 0x0000000100000000)
  region size 1024K, 11 young (11264K), 11 survivors (11264K)
 Metaspace       used 20827K, capacity 21234K, committed 21296K, reserved 274432K
  class space    used 2548K, capacity 2683K, committed 2688K, reserved 253952K
}
Event: 3.661 GC heap before
{Heap before GC invocations=3 (full 0):
 garbage-first heap   total 262144K, used 52712K [0x00000000e0000000, 0x0000000100000000)
  region size 1024K, 47 young (48128K), 11 survivors (11264K)
 Metaspace       used 24727K, capacity 25371K, committed 25596K, reserved 276480K
  class space    used 3139K, capacity 3343K, committed 3404K, reserved 253952K
}
Event: 3.665 GC heap after
{Heap after GC invocations=4 (full 0):
 garbage-first heap   total 262144K, used 18243K [0x00000000e0000000, 0x0000000100000000)
  region size 1024K, 2 young (2048K), 2 survivors (2048K)
 Metaspace       used 24727K, capacity 25371K, committed 25596K, reserved 276480K
  class space    used 3139K, capacity 3343K, committed 3404K, reserved 253952K
}
Event: 4.753 GC heap before
{Heap before GC invocations=4 (full 0):
 garbage-first heap   total 262144K, used 124739K [0x00000000e0000000, 0x0000000100000000)
  region size 1024K, 99 young (101376K), 2 survivors (2048K)
 Metaspace       used 34949K, capacity 35901K, committed 35964K, reserved 286720K
  class space    used 4754K, capacity 5047K, committed 5068K, reserved 253952K
}
Event: 4.762 GC heap after
{Heap after GC invocations=5 (full 0):
 garbage-first heap   total 262144K, used 32225K [0x00000000e0000000, 0x0000000100000000)
  region size 1024K, 7 young (7168K), 7 survivors (7168K)
 Metaspace       used 34949K, capacity 35901K, committed 35964K, reserved 286720K
  class space    used 4754K, capacity 5047K, committed 5068K, reserved 253952K
}
Event: 6.343 GC heap before
{Heap before GC invocations=6 (full 0):
 garbage-first heap   total 262144K, used 164321K [0x00000000e0000000, 0x0000000100000000)
  region size 1024K, 130 young (133120K), 7 survivors (7168K)
 Metaspace       used 47590K, capacity 48812K, committed 49020K, reserved 296960K
  class space    used 6148K, capacity 6585K, committed 6604K, reserved 253952K
}
Event: 6.352 GC heap after
{Heap after GC invocations=7 (full 0):
 garbage-first heap   total 262144K, used 45942K [0x00000000e0000000, 0x0000000100000000)
  region size 1024K, 16 young (16384K), 16 survivors (16384K)
 Metaspace       used 47590K, capacity 48812K, committed 49020K, reserved 296960K
  class space    used 6148K, capacity 6585K, committed 6604K, reserved 253952K
}
Event: 7.844 GC heap before
{Heap before GC invocations=7 (full 0):
 garbage-first heap   total 262144K, used 190326K [0x00000000e0000000, 0x0000000100000000)
  region size 1024K, 153 young (156672K), 16 survivors (16384K)
 Metaspace       used 56992K, capacity 58832K, committed 59004K, reserved 305152K
  class space    used 7431K, capacity 8046K, committed 8140K, reserved 253952K
}
Event: 7.859 GC heap after
{Heap after GC invocations=8 (full 0):
 garbage-first heap   total 262144K, used 59493K [0x00000000e0000000, 0x0000000100000000)
  region size 1024K, 20 young (20480K), 20 survivors (20480K)
 Metaspace       used 56992K, capacity 58832K, committed 59004K, reserved 305152K
  class space    used 7431K, capacity 8046K, committed 8140K, reserved 253952K
}
Event: 8.442 GC heap before
{Heap before GC invocations=8 (full 0):
 garbage-first heap   total 262144K, used 120933K [0x00000000e0000000, 0x0000000100000000)
  region size 1024K, 81 young (82944K), 20 survivors (20480K)
 Metaspace       used 58054K, capacity 60243K, committed 60284K, reserved 307200K
  class space    used 7623K, capacity 8383K, committed 8396K, reserved 253952K
}
Event: 8.471 GC heap after
{Heap after GC invocations=9 (full 0):
 garbage-first heap   total 262144K, used 65485K [0x00000000e0000000, 0x0000000100000000)
  region size 1024K, 6 young (6144K), 6 survivors (6144K)
 Metaspace       used 58054K, capacity 60243K, committed 60284K, reserved 307200K
  class space    used 7623K, capacity 8383K, committed 8396K, reserved 253952K
}
Event: 9.873 GC heap before
{Heap before GC invocations=10 (full 0):
 garbage-first heap   total 262144K, used 174029K [0x00000000e0000000, 0x0000000100000000)
  region size 1024K, 112 young (114688K), 6 survivors (6144K)
 Metaspace       used 67250K, capacity 70249K, committed 70396K, reserved 315392K
  class space    used 8843K, capacity 10036K, committed 10060K, reserved 253952K
}
Event: 9.879 GC heap after
{Heap after GC invocations=11 (full 0):
 garbage-first heap   total 262144K, used 73805K [0x00000000e0000000, 0x0000000100000000)
  region size 1024K, 14 young (14336K), 14 survivors (14336K)
 Metaspace       used 67250K, capacity 70249K, committed 70396K, reserved 315392K
  class space    used 8843K, capacity 10036K, committed 10060K, reserved 253952K
}
Event: 10.632 GC heap before
{Heap before GC invocations=11 (full 0):
 garbage-first heap   total 262144K, used 182349K [0x00000000e0000000, 0x0000000100000000)
  region size 1024K, 120 young (122880K), 14 survivors (14336K)
 Metaspace       used 71384K, capacity 75179K, committed 75260K, reserved 319488K
  class space    used 9575K, capacity 11040K, committed 11084K, reserved 253952K
}
Event: 10.644 GC heap after
{Heap after GC invocations=12 (full 0):
 garbage-first heap   total 262144K, used 84074K [0x00000000e0000000, 0x0000000100000000)
  region size 1024K, 11 young (11264K), 11 survivors (11264K)
 Metaspace       used 71384K, capacity 75179K, committed 75260K, reserved 319488K
  class space    used 9575K, capacity 11040K, committed 11084K, reserved 253952K
}
Event: 11.556 GC heap before
{Heap before GC invocations=12 (full 0):
 garbage-first heap   total 262144K, used 189546K [0x00000000e0000000, 0x0000000100000000)
  region size 1024K, 114 young (116736K), 11 survivors (11264K)
 Metaspace       used 73961K, capacity 77974K, committed 78204K, reserved 321536K
  class space    used 10031K, capacity 11608K, committed 11724K, reserved 253952K
}
Event: 11.568 GC heap after
{Heap after GC invocations=13 (full 0):
 garbage-first heap   total 262144K, used 95551K [0x00000000e0000000, 0x0000000100000000)
  region size 1024K, 12 young (12288K), 12 survivors (12288K)
 Metaspace       used 73961K, capacity 77974K, committed 78204K, reserved 321536K
  class space    used 10031K, capacity 11608K, committed 11724K, reserved 253952K
}
Event: 12.807 GC heap before
{Heap before GC invocations=13 (full 0):
 garbage-first heap   total 262144K, used 204095K [0x00000000e0000000, 0x0000000100000000)
  region size 1024K, 110 young (112640K), 12 survivors (12288K)
 Metaspace       used 78301K, capacity 82687K, committed 82812K, reserved 325632K
  class space    used 10664K, capacity 12372K, committed 12492K, reserved 253952K
}
Event: 12.815 GC heap after
{Heap after GC invocations=14 (full 0):
 garbage-first heap   total 262144K, used 115632K [0x00000000e0000000, 0x0000000100000000)
  region size 1024K, 11 young (11264K), 11 survivors (11264K)
 Metaspace       used 78301K, capacity 82687K, committed 82812K, reserved 325632K
  class space    used 10664K, capacity 12372K, committed 12492K, reserved 253952K
}

Deoptimization events (20 events):
Event: 22.955 Thread 0x0000021bc6f27000 DEOPT PACKING pc=0x0000021bb9451500 sp=0x000000f2d22fec20
Event: 22.955 Thread 0x0000021bc6f27000 DEOPT UNPACKING pc=0x0000021bb12fa1af sp=0x000000f2d22feb78 mode 2
Event: 32.957 Thread 0x0000021bc6f27000 Uncommon trap: trap_request=0xffffff6e fr.pc=0x0000021bb9451500 relative=0x00000000000001c0
Event: 32.957 Thread 0x0000021bc6f27000 Uncommon trap: reason=speculate_class_check action=maybe_recompile pc=0x0000021bb9451500 method=java.util.AbstractList.listIterator()Ljava/util/ListIterator; @ 2 c2
Event: 32.957 Thread 0x0000021bc6f27000 DEOPT PACKING pc=0x0000021bb9451500 sp=0x000000f2d22fec20
Event: 32.957 Thread 0x0000021bc6f27000 DEOPT UNPACKING pc=0x0000021bb12fa1af sp=0x000000f2d22feb78 mode 2
Event: 38.957 Thread 0x0000021bc80e5800 Uncommon trap: trap_request=0xffffff4d fr.pc=0x0000021bb948ab54 relative=0x0000000000000034
Event: 38.957 Thread 0x0000021bc80e5800 Uncommon trap: reason=unstable_if action=reinterpret pc=0x0000021bb948ab54 method=java.util.Formatter$Conversion.isGeneral(C)Z @ 1 c2
Event: 38.957 Thread 0x0000021bc80e5800 DEOPT PACKING pc=0x0000021bb948ab54 sp=0x000000f2d2cfe890
Event: 38.957 Thread 0x0000021bc80e5800 DEOPT UNPACKING pc=0x0000021bb12fa1af sp=0x000000f2d2cfe818 mode 2
Event: 38.974 Thread 0x0000021bc80e5800 Uncommon trap: trap_request=0xffffff4d fr.pc=0x0000021bb9219d1c relative=0x000000000000007c
Event: 38.974 Thread 0x0000021bc80e5800 Uncommon trap: reason=unstable_if action=reinterpret pc=0x0000021bb9219d1c method=java.util.Spliterator.getExactSizeIfKnown()J @ 9 c2
Event: 38.975 Thread 0x0000021bc80e5800 DEOPT PACKING pc=0x0000021bb9219d1c sp=0x000000f2d2cfc8b0
Event: 38.975 Thread 0x0000021bc80e5800 DEOPT UNPACKING pc=0x0000021bb12fa1af sp=0x000000f2d2cfc848 mode 2
Event: 39.019 Thread 0x0000021bcce0b800 DEOPT PACKING pc=0x0000021bb1da2e49 sp=0x000000f2d2efc7a0
Event: 39.019 Thread 0x0000021bcce0b800 DEOPT UNPACKING pc=0x0000021bb12fa95e sp=0x000000f2d2efbc18 mode 0
Event: 39.020 Thread 0x0000021bcce0b800 Uncommon trap: trap_request=0xffffffd6 fr.pc=0x0000021bb951e2f4 relative=0x0000000000000714
Event: 39.020 Thread 0x0000021bcce0b800 Uncommon trap: reason=array_check action=maybe_recompile pc=0x0000021bb951e2f4 method=java.util.ComparableTimSort.binarySort([Ljava/lang/Object;III)V @ 215 c2
Event: 39.020 Thread 0x0000021bcce0b800 DEOPT PACKING pc=0x0000021bb951e2f4 sp=0x000000f2d2efc520
Event: 39.020 Thread 0x0000021bcce0b800 DEOPT UNPACKING pc=0x0000021bb12fa1af sp=0x000000f2d2efc4c0 mode 2

Classes redefined (0 events):
No events

Internal exceptions (20 events):
Event: 13.448 Thread 0x0000021bc80e5800 Exception <a 'java/lang/ClassNotFoundException'{0x00000000ebbe68e8}: com/sun/proxy/$Proxy115BeanInfo> (0x00000000ebbe68e8) thrown at [./src/hotspot/share/classfile/systemDictionary.cpp, line 232]
Event: 13.448 Thread 0x0000021bc80e5800 Exception <a 'java/lang/ClassNotFoundException'{0x00000000ebbf4b38}: com/sun/proxy/$Proxy115Customizer> (0x00000000ebbf4b38) thrown at [./src/hotspot/share/classfile/systemDictionary.cpp, line 232]
Event: 13.451 Thread 0x0000021bc80e5800 Exception <a 'java/lang/ClassNotFoundException'{0x00000000eba52cb8}: com/huawei/ohos/build/ide/HarmonyToolingModelBuilder$1BeanInfo> (0x00000000eba52cb8) thrown at [./src/hotspot/share/classfile/systemDictionary.cpp, line 232]
Event: 13.451 Thread 0x0000021bc80e5800 Exception <a 'java/lang/ClassNotFoundException'{0x00000000eba63e70}: com/huawei/ohos/build/ide/HarmonyToolingModelBuilder$1Customizer> (0x00000000eba63e70) thrown at [./src/hotspot/share/classfile/systemDictionary.cpp, line 232]
Event: 13.452 Thread 0x0000021bc80e5800 Exception <a 'java/lang/ClassNotFoundException'{0x00000000eba91a08}: java/util/stream/ReferencePipeline$2BeanInfo> (0x00000000eba91a08) thrown at [./src/hotspot/share/classfile/systemDictionary.cpp, line 232]
Event: 13.452 Thread 0x0000021bc80e5800 Exception <a 'java/lang/ClassNotFoundException'{0x00000000eba9bdf0}: java/util/stream/ReferencePipeline$2Customizer> (0x00000000eba9bdf0) thrown at [./src/hotspot/share/classfile/systemDictionary.cpp, line 232]
Event: 13.477 Thread 0x0000021bc8ada000 Exception <a 'java/lang/NoSuchMethodError'{0x00000000eb88fab8}: <clinit>> (0x00000000eb88fab8) thrown at [./src/hotspot/share/prims/jni.cpp, line 1367]
Event: 13.478 Thread 0x0000021bc8ada000 Exception <a 'java/lang/NoSuchMethodError'{0x00000000eb89f620}: <clinit>> (0x00000000eb89f620) thrown at [./src/hotspot/share/prims/jni.cpp, line 1367]
Event: 13.479 Thread 0x0000021bc8ada000 Exception <a 'java/lang/NoSuchMethodError'{0x00000000eb8b64d8}: <clinit>> (0x00000000eb8b64d8) thrown at [./src/hotspot/share/prims/jni.cpp, line 1367]
Event: 13.481 Thread 0x0000021bc8ada000 Exception <a 'java/lang/NoSuchMethodError'{0x00000000eb8d0e70}: <clinit>> (0x00000000eb8d0e70) thrown at [./src/hotspot/share/prims/jni.cpp, line 1367]
Event: 13.483 Thread 0x0000021bc8ada000 Exception <a 'java/lang/NoSuchMethodError'{0x00000000eb8df188}: <clinit>> (0x00000000eb8df188) thrown at [./src/hotspot/share/prims/jni.cpp, line 1367]
Event: 22.951 Thread 0x0000021bc6f27000 Implicit null exception at 0x0000021bb8f6ccf7 to 0x0000021bb8f6d298
Event: 22.952 Thread 0x0000021bc6f27000 Implicit null exception at 0x0000021bb8f39974 to 0x0000021bb8f39f40
Event: 38.978 Thread 0x0000021bc80e5800 Exception <a 'java/lang/NoSuchMethodError'{0x00000000eb002900}: <clinit>> (0x00000000eb002900) thrown at [./src/hotspot/share/prims/jni.cpp, line 1367]
Event: 38.979 Thread 0x0000021bc80e5800 Exception <a 'java/lang/NoSuchMethodError'{0x00000000eb0108b8}: <clinit>> (0x00000000eb0108b8) thrown at [./src/hotspot/share/prims/jni.cpp, line 1367]
Event: 39.019 Thread 0x0000021bcce0b800 Exception <a 'java/lang/NoSuchMethodError'{0x00000000eb1ad858}: <clinit>> (0x00000000eb1ad858) thrown at [./src/hotspot/share/prims/jni.cpp, line 1367]
Event: 39.020 Thread 0x0000021bcce0b800 Exception <a 'java/lang/NoSuchMethodError'{0x00000000eb1aee30}: <clinit>> (0x00000000eb1aee30) thrown at [./src/hotspot/share/prims/jni.cpp, line 1367]
Event: 39.021 Thread 0x0000021bcce0b800 Exception <a 'java/lang/NoSuchMethodError'{0x00000000eb1bdd48}: <clinit>> (0x00000000eb1bdd48) thrown at [./src/hotspot/share/prims/jni.cpp, line 1367]
Event: 39.021 Thread 0x0000021bcce0b800 Exception <a 'java/lang/NoSuchMethodError'{0x00000000eafc04a0}: <clinit>> (0x00000000eafc04a0) thrown at [./src/hotspot/share/prims/jni.cpp, line 1367]
Event: 39.021 Thread 0x0000021bcce0b800 Exception <a 'java/lang/NoSuchMethodError'{0x00000000eafc8208}: <clinit>> (0x00000000eafc8208) thrown at [./src/hotspot/share/prims/jni.cpp, line 1367]

Events (20 events):
Event: 39.022 loading class org/gradle/tooling/internal/protocol/events/InternalPluginIdentifier done
Event: 39.022 loading class org/gradle/tooling/internal/provider/runner/PluginApplicationTracker$PluginApplication
Event: 39.022 loading class org/gradle/tooling/internal/provider/runner/PluginApplicationTracker$PluginApplication done
Event: 39.022 loading class org/gradle/tooling/internal/protocol/events/InternalPluginIdentifier
Event: 39.022 loading class org/gradle/tooling/internal/protocol/events/InternalPluginIdentifier done
Event: 39.022 loading class org/gradle/internal/operations/OperationIdentifier
Event: 39.022 loading class org/gradle/internal/operations/OperationIdentifier done
Event: 39.022 loading class org/gradle/tooling/internal/provider/runner/PluginApplicationTracker
Event: 39.022 loading class org/gradle/tooling/internal/provider/runner/PluginApplicationTracker done
Event: 39.022 loading class org/gradle/tooling/internal/protocol/events/InternalPluginIdentifier
Event: 39.022 loading class org/gradle/tooling/internal/protocol/events/InternalPluginIdentifier done
Event: 39.022 loading class org/gradle/tooling/internal/provider/runner/ProjectConfigurationTracker$PluginApplicationResult
Event: 39.022 loading class org/gradle/tooling/internal/provider/runner/ProjectConfigurationTracker$PluginApplicationResult done
Event: 39.023 loading class org/gradle/tooling/internal/protocol/events/InternalPluginIdentifier
Event: 39.023 loading class org/gradle/tooling/internal/protocol/events/InternalPluginIdentifier done
Event: 39.023 loading class org/gradle/tooling/internal/protocol/events/InternalPluginIdentifier
Event: 39.023 loading class org/gradle/tooling/internal/protocol/events/InternalPluginIdentifier done
Event: 39.023 loading class org/gradle/tooling/internal/protocol/events/InternalProjectConfigurationResult$InternalPluginApplicationResult
Event: 39.023 loading class org/gradle/tooling/internal/protocol/events/InternalProjectConfigurationResult$InternalPluginApplicationResult done
Event: 39.035 Thread 0x0000021bcce0a000 Thread added: 0x0000021bcce0a000


Dynamic libraries:
0x00007ff6b89e0000 - 0x00007ff6b89ea000 	D:\DevEco Studio 3.0.0.800\jbr\bin\java.exe
0x00007ffdbc680000 - 0x00007ffdbc889000 	C:\WINDOWS\SYSTEM32\ntdll.dll
0x00007ffdbaf90000 - 0x00007ffdbb04d000 	C:\WINDOWS\System32\KERNEL32.DLL
0x00007ffdb9e20000 - 0x00007ffdba194000 	C:\WINDOWS\System32\KERNELBASE.dll
0x00007ffdba400000 - 0x00007ffdba511000 	C:\WINDOWS\System32\ucrtbase.dll
0x00007ffd720a0000 - 0x00007ffd720b9000 	D:\DevEco Studio 3.0.0.800\jbr\bin\jli.dll
0x00007ffd72750000 - 0x00007ffd72767000 	D:\DevEco Studio 3.0.0.800\jbr\bin\VCRUNTIME140.dll
0x00007ffdbb050000 - 0x00007ffdbb1fc000 	C:\WINDOWS\System32\USER32.dll
0x00007ffdba1a0000 - 0x00007ffdba1c6000 	C:\WINDOWS\System32\win32u.dll
0x00007ffdbba50000 - 0x00007ffdbba79000 	C:\WINDOWS\System32\GDI32.dll
0x00007ffdba1d0000 - 0x00007ffdba2e2000 	C:\WINDOWS\System32\gdi32full.dll
0x00007ffdba2f0000 - 0x00007ffdba38d000 	C:\WINDOWS\System32\msvcp_win.dll
0x00007ffd9a350000 - 0x00007ffd9a5f5000 	C:\WINDOWS\WinSxS\amd64_microsoft.windows.common-controls_6595b64144ccf1df_6.0.22000.120_none_9d947278b86cc467\COMCTL32.dll
0x00007ffdbc2d0000 - 0x00007ffdbc373000 	C:\WINDOWS\System32\msvcrt.dll
0x00007ffdbc290000 - 0x00007ffdbc2c1000 	C:\WINDOWS\System32\IMM32.DLL
0x00007ffd6df40000 - 0x00007ffd6dfdd000 	D:\DevEco Studio 3.0.0.800\jbr\bin\msvcp140.dll
0x00007ffd54850000 - 0x00007ffd553d6000 	D:\DevEco Studio 3.0.0.800\jbr\bin\server\jvm.dll
0x00007ffdba520000 - 0x00007ffdba5ce000 	C:\WINDOWS\System32\ADVAPI32.dll
0x00007ffdbaa80000 - 0x00007ffdbab1e000 	C:\WINDOWS\System32\sechost.dll
0x00007ffdbb760000 - 0x00007ffdbb880000 	C:\WINDOWS\System32\RPCRT4.dll
0x00007ffdbb270000 - 0x00007ffdbb278000 	C:\WINDOWS\System32\PSAPI.DLL
0x00007ffdb13c0000 - 0x00007ffdb13ca000 	C:\WINDOWS\SYSTEM32\VERSION.dll
0x00007ffdb3760000 - 0x00007ffdb3793000 	C:\WINDOWS\SYSTEM32\WINMM.dll
0x00007ffdb6010000 - 0x00007ffdb6019000 	C:\WINDOWS\SYSTEM32\WSOCK32.dll
0x00007ffdbb200000 - 0x00007ffdbb26f000 	C:\WINDOWS\System32\WS2_32.dll
0x00007ffdb8c70000 - 0x00007ffdb8c88000 	C:\WINDOWS\SYSTEM32\kernel.appcore.dll
0x00007ffdac360000 - 0x00007ffdac371000 	D:\DevEco Studio 3.0.0.800\jbr\bin\verify.dll
0x00007ffdb7700000 - 0x00007ffdb7921000 	C:\WINDOWS\SYSTEM32\DBGHELP.DLL
0x00007ffda30d0000 - 0x00007ffda3101000 	C:\WINDOWS\SYSTEM32\dbgcore.DLL
0x00007ffdb9b70000 - 0x00007ffdb9bef000 	C:\WINDOWS\System32\bcryptPrimitives.dll
0x00007ffdac140000 - 0x00007ffdac169000 	D:\DevEco Studio 3.0.0.800\jbr\bin\java.dll
0x00007ffdac350000 - 0x00007ffdac35b000 	D:\DevEco Studio 3.0.0.800\jbr\bin\jimage.dll
0x00007ffdac120000 - 0x00007ffdac138000 	D:\DevEco Studio 3.0.0.800\jbr\bin\zip.dll
0x00007ffdbbae0000 - 0x00007ffdbc28f000 	C:\WINDOWS\System32\SHELL32.dll
0x00007ffdb7ce0000 - 0x00007ffdb8548000 	C:\WINDOWS\SYSTEM32\windows.storage.dll
0x00007ffdba700000 - 0x00007ffdbaa78000 	C:\WINDOWS\System32\combase.dll
0x00007ffdb7b70000 - 0x00007ffdb7cd6000 	C:\WINDOWS\SYSTEM32\wintypes.dll
0x00007ffdbc410000 - 0x00007ffdbc4fa000 	C:\WINDOWS\System32\SHCORE.dll
0x00007ffdbc5e0000 - 0x00007ffdbc63d000 	C:\WINDOWS\System32\shlwapi.dll
0x00007ffdb9aa0000 - 0x00007ffdb9ac1000 	C:\WINDOWS\SYSTEM32\profapi.dll
0x00007ffdaab40000 - 0x00007ffdaab5a000 	D:\DevEco Studio 3.0.0.800\jbr\bin\net.dll
0x00007ffdb32d0000 - 0x00007ffdb33dc000 	C:\WINDOWS\SYSTEM32\WINHTTP.dll
0x00007ffdb90a0000 - 0x00007ffdb9107000 	C:\WINDOWS\system32\mswsock.dll
0x00007ffd98e30000 - 0x00007ffd98e44000 	D:\DevEco Studio 3.0.0.800\jbr\bin\nio.dll
0x00007ffd79ca0000 - 0x00007ffd79cc7000 	C:\Users\Young\.gradle\native\e1d6ef7f7dcc3fd88c89a11ec53ec762bb8ba0a96d01ffa2cd45eb1d1d8dd5c5\windows-amd64\native-platform.dll
0x00007ffd641f0000 - 0x00007ffd64334000 	C:\Users\Young\.gradle\native\5664cfc778a61ccfe75a443a1ab52a65af34e5dc3c78e0209fed803814484fcb\windows-amd64\native-platform-file-events.dll
0x00007ffdaab30000 - 0x00007ffdaab3a000 	D:\DevEco Studio 3.0.0.800\jbr\bin\management.dll
0x00007ffd99370000 - 0x00007ffd9937d000 	D:\DevEco Studio 3.0.0.800\jbr\bin\management_ext.dll
0x00007ffdb92e0000 - 0x00007ffdb92f8000 	C:\WINDOWS\SYSTEM32\CRYPTSP.dll
0x00007ffdb8bd0000 - 0x00007ffdb8c05000 	C:\WINDOWS\system32\rsaenh.dll
0x00007ffdb9190000 - 0x00007ffdb91b9000 	C:\WINDOWS\SYSTEM32\USERENV.dll
0x00007ffdb9460000 - 0x00007ffdb9487000 	C:\WINDOWS\SYSTEM32\bcrypt.dll
0x00007ffdb9300000 - 0x00007ffdb930c000 	C:\WINDOWS\SYSTEM32\CRYPTBASE.dll
0x00007ffdb8790000 - 0x00007ffdb87bd000 	C:\WINDOWS\SYSTEM32\IPHLPAPI.DLL
0x00007ffdbb2a0000 - 0x00007ffdbb2a9000 	C:\WINDOWS\System32\NSI.dll
0x00007ffdb2c80000 - 0x00007ffdb2c99000 	C:\WINDOWS\SYSTEM32\dhcpcsvc6.DLL
0x00007ffdb3b10000 - 0x00007ffdb3b2e000 	C:\WINDOWS\SYSTEM32\dhcpcsvc.DLL
0x00007ffdb87c0000 - 0x00007ffdb88a8000 	C:\WINDOWS\SYSTEM32\DNSAPI.dll
0x00007ffd88280000 - 0x00007ffd882a8000 	D:\DevEco Studio 3.0.0.800\jbr\bin\sunec.dll

dbghelp: loaded successfully - version: 4.0.5 - missing functions: none
symbol engine: initialized successfully - sym options: 0x614 - pdb path: .;D:\DevEco Studio 3.0.0.800\jbr\bin;C:\WINDOWS\SYSTEM32;C:\WINDOWS\WinSxS\amd64_microsoft.windows.common-controls_6595b64144ccf1df_6.0.22000.120_none_9d947278b86cc467;D:\DevEco Studio 3.0.0.800\jbr\bin\server;C:\Users\Young\.gradle\native\e1d6ef7f7dcc3fd88c89a11ec53ec762bb8ba0a96d01ffa2cd45eb1d1d8dd5c5\windows-amd64;C:\Users\Young\.gradle\native\5664cfc778a61ccfe75a443a1ab52a65af34e5dc3c78e0209fed803814484fcb\windows-amd64

VM Arguments:
jvm_args: -Dfile.encoding=UTF-8 --add-opens=java.base/java.util=ALL-UNNAMED --add-opens=java.base/java.lang=ALL-UNNAMED --add-opens=java.base/java.lang.invoke=ALL-UNNAMED --add-opens=java.base/java.util=ALL-UNNAMED --add-opens=java.prefs/java.util.prefs=ALL-UNNAMED --add-opens=java.prefs/java.util.prefs=ALL-UNNAMED --add-opens=java.base/java.nio.charset=ALL-UNNAMED --add-opens=java.base/java.net=ALL-UNNAMED --add-opens=java.base/java.util.concurrent.atomic=ALL-UNNAMED -XX:MaxMetaspaceSize=256m -XX:+HeapDumpOnOutOfMemoryError -Xms256m -Xmx512m -Dfile.encoding=UTF-8 -Duser.country=CN -Duser.language=zh -Duser.variant 
java_command: org.gradle.launcher.daemon.bootstrap.GradleDaemon 7.3
java_class_path (initial): D:\DevEco Studio 3.0.0.800\tools\gradle\lib\gradle-launcher-7.3.jar
Launcher Type: SUN_STANDARD

[Global flags]
     intx CICompilerCount                          = 12                                        {product} {ergonomic}
   size_t CompressedClassSpaceSize                 = 260046848                                 {product} {ergonomic}
     uint ConcGCThreads                            = 3                                         {product} {ergonomic}
     uint G1ConcRefinementThreads                  = 13                                        {product} {ergonomic}
   size_t G1HeapRegionSize                         = 1048576                                   {product} {ergonomic}
    uintx GCDrainStackTargetSize                   = 64                                        {product} {ergonomic}
     bool HeapDumpOnOutOfMemoryError               = true                                   {manageable} {command line}
   size_t InitialHeapSize                          = 268435456                                 {product} {command line}
   size_t MarkStackSize                            = 4194304                                   {product} {ergonomic}
   size_t MaxHeapSize                              = 536870912                                 {product} {command line}
   size_t MaxMetaspaceSize                         = 268435456                                 {product} {command line}
   size_t MaxNewSize                               = 321912832                                 {product} {ergonomic}
   size_t MinHeapDeltaBytes                        = 1048576                                   {product} {ergonomic}
    uintx NonNMethodCodeHeapSize                   = 7594288                                {pd product} {ergonomic}
    uintx NonProfiledCodeHeapSize                  = 122031976                              {pd product} {ergonomic}
    uintx ProfiledCodeHeapSize                     = 122031976                              {pd product} {ergonomic}
    uintx ReservedCodeCacheSize                    = 251658240                              {pd product} {ergonomic}
     bool SegmentedCodeCache                       = true                                      {product} {ergonomic}
     bool UseCompressedClassPointers               = true                                 {lp64_product} {ergonomic}
     bool UseCompressedOops                        = true                                 {lp64_product} {ergonomic}
     bool UseG1GC                                  = true                                      {product} {ergonomic}
     bool UseLargePagesIndividualAllocation        = false                                  {pd product} {ergonomic}

Logging:
Log output configuration:
 #0: stdout all=warning uptime,level,tags
 #1: stderr all=off uptime,level,tags

Environment Variables:
JAVA_TOOL_OPTIONS=-Dfile.encoding=UTF-8
PATH=C:\Perl64\site\bin;C:\Perl64\bin;E:\Oracle\app\oracle\product\10.2.0\server\bin;C:\WINDOWS\system32;C:\WINDOWS;C:\WINDOWS\System32\Wbem;C:\WINDOWS\System32\WindowsPowerShell\v1.0\;C:\WINDOWS\System32\OpenSSH\;C:\Program Files\Microsoft SQL Server\Client SDK\ODBC\170\Tools\Binn\;C:\Program Files (x86)\Microsoft SQL Server\150\Tools\Binn\;C:\Program Files\Microsoft SQL Server\150\Tools\Binn\;C:\Program Files\Microsoft SQL Server\150\DTS\Binn\;C:\Program Files (x86)\Microsoft SQL Server\150\DTS\Binn\;C:\Program Files\Azure Data Studio\bin;D:\MATLAB-2016a\runtime\win64;D:\MATLAB-2016a\bin;D:\MATLAB-2016a\polyspace\bin;e:\altera\91\quartus\bin;D:\JAVAjdk\jdk-14.0.2\bin;D:\Android\SDK\emulator;D:\Android\SDK\tools;D:\Android\SDK\tools\bin;D:\Android\SDK\platform-tools;D:\MySQL\mysql-8.0.28-winx64\bin;C:\Program Files\dotnet\;C:\Users\Young\AppData\Local\Programs\Python\Python38\Scripts\;C:\Users\Young\AppData\Local\Programs\Python\Python38\;C:\Users\Young\AppData\Local\Microsoft\WindowsApps;;C:\Program Files\Azure Data Studio\bin;%DevEco Studio%;C:\Users\Young\.dotnet\tools;D:\IDEA2022.1\IntelliJ IDEA 2022.1\bin;
USERNAME=小羊
OS=Windows_NT
PROCESSOR_IDENTIFIER=AMD64 Family 23 Model 96 Stepping 1, AuthenticAMD



---------------  S Y S T E M  ---------------

OS: Windows 11 , 64 bit Build 22000 (10.0.22000.613)
OS uptime: 2 days 7:29 hours

CPU:total 16 (initial active 16) (16 cores per cpu, 2 threads per core) family 23 model 96 stepping 1 microcode 0x0, cmov, cx8, fxsr, mmx, sse, sse2, sse3, ssse3, sse4.1, sse4.2, popcnt, avx, avx2, aes, clmul, mmxext, 3dnowpref, lzcnt, sse4a, ht, tsc, tscinvbit, tscinv, bmi1, bmi2, adx, sha, fma

Memory: 4k page, system-wide physical 12150M (2584M free)
TotalPageFile size 20342M (AvailPageFile size 7M)
current process WorkingSet (physical memory assigned to process): 481M, peak: 540M
current process commit charge ("private bytes"): 534M, peak: 604M

vm_info: Dynamic Code Evolution 64-Bit Server VM (11.0.13+7-b1751.19) for windows-amd64 JRE (11.0.13+7-b1751.19), built on Nov  9 2021 11:30:13 by "" with MS VC++ 14.0 (VS2015)

END.
